[INFO] Scanning for projects...
[INFO] Downloading: https://oss.sonatype.org/content/repositories/snapshots/org/apache/maven/plugins/maven-clean-plugin/2.5/maven-clean-plugin-2.5.pom
[INFO] Downloading: http://jcenter.bintray.com/org/apache/maven/plugins/maven-clean-plugin/2.5/maven-clean-plugin-2.5.pom
[INFO] Downloaded: http://jcenter.bintray.com/org/apache/maven/plugins/maven-clean-plugin/2.5/maven-clean-plugin-2.5.pom (4 KB at 32.4 KB/sec)
[INFO] Downloading: https://oss.sonatype.org/content/repositories/snapshots/org/apache/maven/plugins/maven-plugins/22/maven-plugins-22.pom
[INFO] Downloading: http://jcenter.bintray.com/org/apache/maven/plugins/maven-plugins/22/maven-plugins-22.pom
[INFO] Downloaded: http://jcenter.bintray.com/org/apache/maven/plugins/maven-plugins/22/maven-plugins-22.pom (13 KB at 155.3 KB/sec)
[INFO] Downloading: https://oss.sonatype.org/content/repositories/snapshots/org/apache/maven/plugins/maven-clean-plugin/2.5/maven-clean-plugin-2.5.jar
[INFO] Downloading: http://jcenter.bintray.com/org/apache/maven/plugins/maven-clean-plugin/2.5/maven-clean-plugin-2.5.jar
[INFO] Downloaded: http://jcenter.bintray.com/org/apache/maven/plugins/maven-clean-plugin/2.5/maven-clean-plugin-2.5.jar (25 KB at 137.5 KB/sec)
[INFO] Downloading: https://oss.sonatype.org/content/repositories/snapshots/org/apache/maven/plugins/maven-deploy-plugin/2.8.2/maven-deploy-plugin-2.8.2.pom
[INFO] Downloading: http://jcenter.bintray.com/org/apache/maven/plugins/maven-deploy-plugin/2.8.2/maven-deploy-plugin-2.8.2.pom
[INFO] Downloaded: http://jcenter.bintray.com/org/apache/maven/plugins/maven-deploy-plugin/2.8.2/maven-deploy-plugin-2.8.2.pom (7 KB at 67.0 KB/sec)
[INFO] Downloading: https://oss.sonatype.org/content/repositories/snapshots/org/apache/maven/plugins/maven-deploy-plugin/2.8.2/maven-deploy-plugin-2.8.2.jar
[INFO] Downloading: http://jcenter.bintray.com/org/apache/maven/plugins/maven-deploy-plugin/2.8.2/maven-deploy-plugin-2.8.2.jar
[INFO] Downloaded: http://jcenter.bintray.com/org/apache/maven/plugins/maven-deploy-plugin/2.8.2/maven-deploy-plugin-2.8.2.jar (34 KB at 241.5 KB/sec)
[INFO] Downloading: https://oss.sonatype.org/content/repositories/snapshots/org/apache/maven/plugins/maven-site-plugin/3.3/maven-site-plugin-3.3.pom
[INFO] Downloading: http://jcenter.bintray.com/org/apache/maven/plugins/maven-site-plugin/3.3/maven-site-plugin-3.3.pom
[INFO] Downloaded: http://jcenter.bintray.com/org/apache/maven/plugins/maven-site-plugin/3.3/maven-site-plugin-3.3.pom (21 KB at 169.4 KB/sec)
[INFO] Downloading: https://oss.sonatype.org/content/repositories/snapshots/org/apache/maven/plugins/maven-plugins/24/maven-plugins-24.pom
[INFO] Downloading: http://jcenter.bintray.com/org/apache/maven/plugins/maven-plugins/24/maven-plugins-24.pom
[INFO] Downloaded: http://jcenter.bintray.com/org/apache/maven/plugins/maven-plugins/24/maven-plugins-24.pom (11 KB at 124.1 KB/sec)
[INFO] Downloading: https://oss.sonatype.org/content/repositories/snapshots/org/apache/maven/plugins/maven-site-plugin/3.3/maven-site-plugin-3.3.jar
[INFO] Downloading: http://jcenter.bintray.com/org/apache/maven/plugins/maven-site-plugin/3.3/maven-site-plugin-3.3.jar
[INFO] Downloaded: http://jcenter.bintray.com/org/apache/maven/plugins/maven-site-plugin/3.3/maven-site-plugin-3.3.jar (122 KB at 456.6 KB/sec)
[INFO] Downloading: https://oss.sonatype.org/content/repositories/snapshots/org/apache/maven/plugins/maven-antrun-plugin/1.3/maven-antrun-plugin-1.3.pom
[INFO] Downloading: http://jcenter.bintray.com/org/apache/maven/plugins/maven-antrun-plugin/1.3/maven-antrun-plugin-1.3.pom
[INFO] Downloaded: http://jcenter.bintray.com/org/apache/maven/plugins/maven-antrun-plugin/1.3/maven-antrun-plugin-1.3.pom (5 KB at 34.2 KB/sec)
[INFO] Downloading: https://oss.sonatype.org/content/repositories/snapshots/org/apache/maven/plugins/maven-plugins/12/maven-plugins-12.pom
[INFO] Downloading: http://jcenter.bintray.com/org/apache/maven/plugins/maven-plugins/12/maven-plugins-12.pom
[INFO] Downloaded: http://jcenter.bintray.com/org/apache/maven/plugins/maven-plugins/12/maven-plugins-12.pom (12 KB at 96.4 KB/sec)
[INFO] Downloading: https://oss.sonatype.org/content/repositories/snapshots/org/apache/maven/plugins/maven-antrun-plugin/1.3/maven-antrun-plugin-1.3.jar
[INFO] Downloading: http://jcenter.bintray.com/org/apache/maven/plugins/maven-antrun-plugin/1.3/maven-antrun-plugin-1.3.jar
[INFO] Downloaded: http://jcenter.bintray.com/org/apache/maven/plugins/maven-antrun-plugin/1.3/maven-antrun-plugin-1.3.jar (24 KB at 170.5 KB/sec)
[INFO] Downloading: https://oss.sonatype.org/content/repositories/snapshots/org/owasp/dependency-check-maven/3.1.1/dependency-check-maven-3.1.1.pom
[INFO] Downloading: http://jcenter.bintray.com/org/owasp/dependency-check-maven/3.1.1/dependency-check-maven-3.1.1.pom
[INFO] Downloaded: http://jcenter.bintray.com/org/owasp/dependency-check-maven/3.1.1/dependency-check-maven-3.1.1.pom (10 KB at 7.2 KB/sec)
[INFO] Downloading: https://oss.sonatype.org/content/repositories/snapshots/org/owasp/dependency-check-parent/3.1.1/dependency-check-parent-3.1.1.pom
[INFO] Downloading: http://jcenter.bintray.com/org/owasp/dependency-check-parent/3.1.1/dependency-check-parent-3.1.1.pom
[INFO] Downloaded: http://jcenter.bintray.com/org/owasp/dependency-check-parent/3.1.1/dependency-check-parent-3.1.1.pom (43 KB at 331.6 KB/sec)
[INFO] Downloading: https://oss.sonatype.org/content/repositories/snapshots/org/owasp/dependency-check-maven/3.1.1/dependency-check-maven-3.1.1.jar
[INFO] Downloading: http://jcenter.bintray.com/org/owasp/dependency-check-maven/3.1.1/dependency-check-maven-3.1.1.jar
[INFO] Downloaded: http://jcenter.bintray.com/org/owasp/dependency-check-maven/3.1.1/dependency-check-maven-3.1.1.jar (51 KB at 296.1 KB/sec)
[INFO]                                                                         
[INFO] ------------------------------------------------------------------------
[INFO] Building jmztabm-validation 0.9.4-SNAPSHOT
[INFO] ------------------------------------------------------------------------
[INFO] 
[INFO] --- maven-dependency-plugin:3.0.2:build-classpath (default-cli) @ jmztabm-validation ---
[INFO] Wrote classpath file '/root/workspace/nilshoffmann/jmzTab-m/386238601/validation/classpath.info'.
[INFO] ------------------------------------------------------------------------
[INFO] BUILD SUCCESS
[INFO] ------------------------------------------------------------------------
[INFO] Total time: 57.872 s
[INFO] Finished at: 2018-05-31T18:02:23+02:00
[INFO] Final Memory: 18M/148M
[INFO] ------------------------------------------------------------------------
