2018-06-01 14:29:31,266 - Log4JLogChute initialized using file 'velocity.log'
2018-06-01 14:29:31,266 - Initializing Velocity, Calling init()...
2018-06-01 14:29:31,266 - Starting Apache Velocity v1.7 (compiled: 2010-11-19 12:14:37)
2018-06-01 14:29:31,266 - Default Properties File: org/apache/velocity/runtime/defaults/velocity.properties
2018-06-01 14:29:31,266 - Trying to use logger class org.apache.velocity.runtime.log.AvalonLogChute
2018-06-01 14:29:31,266 - Target log system for org.apache.velocity.runtime.log.AvalonLogChute is not available (java.lang.NoClassDefFoundError: org/apache/log/format/Formatter).  Falling back to next log system...
2018-06-01 14:29:31,266 - Trying to use logger class org.apache.velocity.runtime.log.Log4JLogChute
2018-06-01 14:29:31,266 - Using logger class org.apache.velocity.runtime.log.Log4JLogChute
2018-06-01 14:29:31,271 - ResourceLoader instantiated: org.apache.velocity.runtime.resource.loader.StringResourceLoader
2018-06-01 14:29:31,273 - Creating string repository using class org.apache.velocity.runtime.resource.util.StringResourceRepositoryImpl...
2018-06-01 14:29:31,273 - Default repository encoding is UTF-8
2018-06-01 14:29:31,284 - ResourceCache: initialized (class org.apache.velocity.runtime.resource.ResourceCacheImpl) with class java.util.Collections$SynchronizedMap cache map.
2018-06-01 14:29:31,288 - Loaded System Directive: org.apache.velocity.runtime.directive.Stop
2018-06-01 14:29:31,290 - Loaded System Directive: org.apache.velocity.runtime.directive.Define
2018-06-01 14:29:31,291 - Loaded System Directive: org.apache.velocity.runtime.directive.Break
2018-06-01 14:29:31,292 - Loaded System Directive: org.apache.velocity.runtime.directive.Evaluate
2018-06-01 14:29:31,292 - Loaded System Directive: org.apache.velocity.runtime.directive.Literal
2018-06-01 14:29:31,294 - Loaded System Directive: org.apache.velocity.runtime.directive.Macro
2018-06-01 14:29:31,295 - Loaded System Directive: org.apache.velocity.runtime.directive.Parse
2018-06-01 14:29:31,296 - Loaded System Directive: org.apache.velocity.runtime.directive.Include
2018-06-01 14:29:31,298 - Loaded System Directive: org.apache.velocity.runtime.directive.Foreach
2018-06-01 14:29:31,335 - Created '20' parsers.
2018-06-01 14:29:31,342 - Velocimacro : "velocimacro.library" is not set.  Trying default library: VM_global_library.vm
2018-06-01 14:29:31,342 - Velocimacro : Default library not found.
2018-06-01 14:29:31,343 - Velocimacro : allowInline = true : VMs can be defined inline in templates
2018-06-01 14:29:31,343 - Velocimacro : allowInlineToOverride = false : VMs defined inline may NOT replace previous VM definitions
2018-06-01 14:29:31,343 - Velocimacro : allowInlineLocal = false : VMs defined inline will be global in scope if allowed.
2018-06-01 14:29:31,343 - Velocimacro : autoload off : VM system will not automatically reload global library macros
2018-06-01 14:29:31,353 - Log4JLogChute initialized using file 'velocity.log'
2018-06-01 14:29:31,353 - Log4JLogChute initialized using file 'velocity.log'
2018-06-01 14:29:31,353 - Initializing Velocity, Calling init()...
2018-06-01 14:29:31,353 - Initializing Velocity, Calling init()...
2018-06-01 14:29:31,353 - Starting Apache Velocity v1.7 (compiled: 2010-11-19 12:14:37)
2018-06-01 14:29:31,353 - Starting Apache Velocity v1.7 (compiled: 2010-11-19 12:14:37)
2018-06-01 14:29:31,353 - Default Properties File: org/apache/velocity/runtime/defaults/velocity.properties
2018-06-01 14:29:31,353 - Default Properties File: org/apache/velocity/runtime/defaults/velocity.properties
2018-06-01 14:29:31,353 - Trying to use logger class org.apache.velocity.runtime.log.AvalonLogChute
2018-06-01 14:29:31,353 - Trying to use logger class org.apache.velocity.runtime.log.AvalonLogChute
2018-06-01 14:29:31,353 - Target log system for org.apache.velocity.runtime.log.AvalonLogChute is not available (java.lang.NoClassDefFoundError: org/apache/log/format/Formatter).  Falling back to next log system...
2018-06-01 14:29:31,353 - Target log system for org.apache.velocity.runtime.log.AvalonLogChute is not available (java.lang.NoClassDefFoundError: org/apache/log/format/Formatter).  Falling back to next log system...
2018-06-01 14:29:31,353 - Trying to use logger class org.apache.velocity.runtime.log.Log4JLogChute
2018-06-01 14:29:31,353 - Trying to use logger class org.apache.velocity.runtime.log.Log4JLogChute
2018-06-01 14:29:31,353 - Using logger class org.apache.velocity.runtime.log.Log4JLogChute
2018-06-01 14:29:31,353 - Using logger class org.apache.velocity.runtime.log.Log4JLogChute
2018-06-01 14:29:31,354 - ResourceLoader instantiated: org.apache.velocity.runtime.resource.loader.StringResourceLoader
2018-06-01 14:29:31,354 - ResourceLoader instantiated: org.apache.velocity.runtime.resource.loader.StringResourceLoader
2018-06-01 14:29:31,354 - Loaded repository 'org.apache.velocity.runtime.resource.util.StringResourceRepository' from static repo store
2018-06-01 14:29:31,354 - Loaded repository 'org.apache.velocity.runtime.resource.util.StringResourceRepository' from static repo store
2018-06-01 14:29:31,355 - ResourceCache: initialized (class org.apache.velocity.runtime.resource.ResourceCacheImpl) with class java.util.Collections$SynchronizedMap cache map.
2018-06-01 14:29:31,355 - ResourceCache: initialized (class org.apache.velocity.runtime.resource.ResourceCacheImpl) with class java.util.Collections$SynchronizedMap cache map.
2018-06-01 14:29:31,355 - Loaded System Directive: org.apache.velocity.runtime.directive.Stop
2018-06-01 14:29:31,355 - Loaded System Directive: org.apache.velocity.runtime.directive.Stop
2018-06-01 14:29:31,356 - Loaded System Directive: org.apache.velocity.runtime.directive.Define
2018-06-01 14:29:31,356 - Loaded System Directive: org.apache.velocity.runtime.directive.Define
2018-06-01 14:29:31,356 - Loaded System Directive: org.apache.velocity.runtime.directive.Break
2018-06-01 14:29:31,356 - Loaded System Directive: org.apache.velocity.runtime.directive.Break
2018-06-01 14:29:31,356 - Loaded System Directive: org.apache.velocity.runtime.directive.Evaluate
2018-06-01 14:29:31,356 - Loaded System Directive: org.apache.velocity.runtime.directive.Evaluate
2018-06-01 14:29:31,357 - Loaded System Directive: org.apache.velocity.runtime.directive.Literal
2018-06-01 14:29:31,357 - Loaded System Directive: org.apache.velocity.runtime.directive.Literal
2018-06-01 14:29:31,357 - Loaded System Directive: org.apache.velocity.runtime.directive.Macro
2018-06-01 14:29:31,357 - Loaded System Directive: org.apache.velocity.runtime.directive.Macro
2018-06-01 14:29:31,357 - Loaded System Directive: org.apache.velocity.runtime.directive.Parse
2018-06-01 14:29:31,357 - Loaded System Directive: org.apache.velocity.runtime.directive.Parse
2018-06-01 14:29:31,358 - Loaded System Directive: org.apache.velocity.runtime.directive.Include
2018-06-01 14:29:31,358 - Loaded System Directive: org.apache.velocity.runtime.directive.Include
2018-06-01 14:29:31,358 - Loaded System Directive: org.apache.velocity.runtime.directive.Foreach
2018-06-01 14:29:31,358 - Loaded System Directive: org.apache.velocity.runtime.directive.Foreach
2018-06-01 14:29:31,360 - Created '20' parsers.
2018-06-01 14:29:31,360 - Created '20' parsers.
2018-06-01 14:29:31,360 - Velocimacro : "velocimacro.library" is not set.  Trying default library: VM_global_library.vm
2018-06-01 14:29:31,360 - Velocimacro : "velocimacro.library" is not set.  Trying default library: VM_global_library.vm
2018-06-01 14:29:31,360 - Velocimacro : Default library not found.
2018-06-01 14:29:31,360 - Velocimacro : Default library not found.
2018-06-01 14:29:31,360 - Velocimacro : allowInline = true : VMs can be defined inline in templates
2018-06-01 14:29:31,360 - Velocimacro : allowInline = true : VMs can be defined inline in templates
2018-06-01 14:29:31,360 - Velocimacro : allowInlineToOverride = false : VMs defined inline may NOT replace previous VM definitions
2018-06-01 14:29:31,360 - Velocimacro : allowInlineToOverride = false : VMs defined inline may NOT replace previous VM definitions
2018-06-01 14:29:31,360 - Velocimacro : allowInlineLocal = false : VMs defined inline will be global in scope if allowed.
2018-06-01 14:29:31,360 - Velocimacro : allowInlineLocal = false : VMs defined inline will be global in scope if allowed.
2018-06-01 14:29:31,361 - Velocimacro : autoload off : VM system will not automatically reload global library macros
2018-06-01 14:29:31,361 - Velocimacro : autoload off : VM system will not automatically reload global library macros
