17:48:54.705 {"ts":1527608934611,"change":"I","type":"Country","id":"NZ","data":{"name":"New Zealand"}}
17:48:54.706 {"ts":1527608934613,"change":"I","type":"Country","id":"AU","data":{"name":"Australia"}}
17:48:54.706 {"ts":1527608934647,"change":"I","type":"Contact","id":"1","data":{"firstName":"Jim1","lastName":"Cricket","cretime":1527608934639,"updtime":1527608934639,"customer":{"id":1}}}
17:48:54.706 {"ts":1527608934649,"change":"I","type":"Contact","id":"2","data":{"firstName":"Fred1","lastName":"Blue","cretime":1527608934640,"updtime":1527608934640,"customer":{"id":1}}}
17:48:54.706 {"ts":1527608934650,"change":"I","type":"Contact","id":"3","data":{"firstName":"Bugs1","lastName":"Bunny","cretime":1527608934640,"updtime":1527608934640,"customer":{"id":1}}}
17:48:54.706 {"ts":1527608934657,"change":"I","type":"Contact","id":"4","data":{"firstName":"Jack","lastName":"Black","email":"black1@test.com","cretime":1527608934656,"updtime":1527608934656,"customer":{"id":2}}}
17:48:54.706 {"ts":1527608934663,"change":"I","type":"Contact","id":"5","data":{"firstName":"Jim1","lastName":"Cricket","cretime":1527608934660,"updtime":1527608934660,"customer":{"id":3}}}
17:48:54.706 {"ts":1527608934663,"change":"I","type":"Contact","id":"6","data":{"firstName":"Fred1","lastName":"Blue","cretime":1527608934660,"updtime":1527608934660,"customer":{"id":3}}}
17:48:54.706 {"ts":1527608934663,"change":"I","type":"Contact","id":"7","data":{"firstName":"Bugs1","lastName":"Bunny","cretime":1527608934660,"updtime":1527608934660,"customer":{"id":3}}}
17:48:54.706 {"ts":1527608934663,"change":"I","type":"Contact","id":"8","data":{"firstName":"Fiona","lastName":"Black","email":"black2@test.com","cretime":1527608934660,"updtime":1527608934660,"customer":{"id":3}}}
17:48:54.707 {"ts":1527608934664,"change":"I","type":"Contact","id":"9","data":{"firstName":"Tracy","lastName":"Red","email":"red3@test.com","cretime":1527608934660,"updtime":1527608934660,"customer":{"id":3}}}
17:48:54.707 {"ts":1527608934683,"change":"I","type":"Contact","id":"10","data":{"firstName":"Jim1","lastName":"Cricket","cretime":1527608934681,"updtime":1527608934681,"customer":{"id":4}}}
17:48:54.707 {"ts":1527608934684,"change":"I","type":"Contact","id":"11","data":{"firstName":"Fred1","lastName":"Blue","cretime":1527608934682,"updtime":1527608934682,"customer":{"id":4}}}
17:48:54.707 {"ts":1527608934684,"change":"I","type":"Contact","id":"12","data":{"firstName":"Bugs1","lastName":"Bunny","cretime":1527608934682,"updtime":1527608934682,"customer":{"id":4}}}
17:48:54.707 {"ts":1527608934686,"change":"I","type":"Order","id":"1","data":{"status":"NEW","orderDate":1527608934685,"cretime":1527608934685,"updtime":1527608934685,"customer":{"id":1}}}
17:48:54.707 {"ts":1527608934692,"change":"I","type":"Order","id":"2","data":{"status":"SHIPPED","orderDate":1527608934691,"cretime":1527608934691,"updtime":1527608934691,"customer":{"id":2}}}
17:48:54.707 {"ts":1527608934694,"change":"I","type":"Order","id":"3","data":{"status":"COMPLETE","orderDate":1527608934694,"cretime":1527608934694,"updtime":1527608934694,"customer":{"id":1}}}
17:48:54.707 {"ts":1527608934700,"change":"I","type":"Order","id":"4","data":{"status":"NEW","orderDate":1527608934697,"cretime":1527608934697,"updtime":1527608934697,"customer":{"id":1}}}
17:48:54.707 {"ts":1527608934702,"change":"I","type":"Order","id":"5","data":{"status":"NEW","orderDate":1527608934701,"cretime":1527608934701,"updtime":1527608934701,"customer":{"id":2}}}
17:48:54.993 {"ts":1527608934976,"change":"I","type":"Contact","id":"13","data":{"lastName":"contact1","cretime":1527608934975,"updtime":1527608934975,"customer":{"id":5}}}
17:48:54.993 {"ts":1527608934977,"change":"I","type":"Contact","id":"14","data":{"lastName":"contact2","cretime":1527608934975,"updtime":1527608934975,"customer":{"id":5}}}
17:48:54.993 {"ts":1527608934984,"change":"I","type":"Contact","id":"15","data":{"lastName":"contact3-added","cretime":1527608934983,"updtime":1527608934983,"customer":{"id":5}}}
17:48:54.994 {"ts":1527608934986,"change":"U","type":"Contact","id":"13","data":{"id":13,"lastName":"contact1-changed","customer":{"id":5}}}
17:48:55.002 {"ts":1527608934996,"change":"I","type":"Contact","id":"16","data":{"firstName":"wobu :P","cretime":1527608934996,"updtime":1527608934996,"customer":{"id":6}}}
17:48:55.002 {"ts":1527608934997,"change":"U","type":"Customer","id":"6","data":{"id":6,"updtime":1527608934997,"name":"new name"}}
17:48:55.012 {"ts":1527608935007,"change":"I","type":"Contact","id":"17","data":{"lastName":"contact1","cretime":1527608935005,"updtime":1527608935005,"customer":{"id":7}}}
17:48:55.012 {"ts":1527608935007,"change":"I","type":"Contact","id":"18","data":{"lastName":"contact2","cretime":1527608935005,"updtime":1527608935005,"customer":{"id":7}}}
17:48:55.012 {"ts":1527608935008,"change":"I","type":"Contact","id":"19","data":{"lastName":"contact3-added","cretime":1527608935007,"updtime":1527608935007,"customer":{"id":7}}}
17:48:55.012 {"ts":1527608935009,"change":"U","type":"Contact","id":"17","data":{"id":17,"lastName":"contact1-changed","customer":{"id":7}}}
17:48:55.017 {"ts":1527608935014,"change":"I","type":"Contact","id":"20","data":{"firstName":"wobu :P","cretime":1527608935014,"updtime":1527608935014,"customer":{"id":8}}}
17:48:55.017 {"ts":1527608935015,"change":"U","type":"Customer","id":"8","data":{"id":8,"updtime":1527608935014,"name":"new name"}}
17:48:55.028 {"ts":1527608935024,"change":"I","type":"Contact","id":"21","data":{"firstName":"wobu :P","cretime":1527608935023,"updtime":1527608935023,"customer":{"id":9}}}
17:48:55.028 {"ts":1527608935025,"change":"U","type":"Customer","id":"9","data":{"id":9,"updtime":1527608935024,"name":"new name"}}
17:48:55.045 {"ts":1527608935041,"change":"I","type":"Contact","id":"22","data":{"lastName":"contact1","cretime":1527608935040,"updtime":1527608935040,"customer":{"id":11}}}
17:48:55.045 {"ts":1527608935041,"change":"I","type":"Contact","id":"23","data":{"lastName":"contact2","cretime":1527608935040,"updtime":1527608935040,"customer":{"id":11}}}
17:48:55.890 {"ts":1527608935890,"change":"D","type":"Customer","id":"12"}
17:48:55.900 {"ts":1527608935899,"change":"D","type":"Customer","id":"13"}
17:48:55.904 {"ts":1527608935903,"change":"I","type":"Order","id":"6","data":{"status":"NEW","orderDate":1527608935903,"cretime":1527608935903,"updtime":1527608935903,"customer":{"id":1}}}
17:48:56.107 {"ts":1527608936101,"change":"I","type":"Contact","id":"24","data":{"firstName":"jim","lastName":"slim","cretime":1527608936101,"updtime":1527608936101,"customer":{"id":14}}}
17:48:56.382 {"ts":1527608936381,"change":"U","type":"Customer","id":"15","data":{"updtime":1527608936381,"version":2,"name":"Modified"},"oldData":{"updtime":1527608936378,"version":1,"name":"testTrans"}}
17:48:56.562 {"ts":1527608936562,"change":"I","type":"Contact","id":"25","data":{"firstName":"DelByQueryFirstName","lastName":"deleteMe","cretime":1527608936561,"updtime":1527608936561,"customer":{"id":1}}}
17:48:59.657 {"ts":1527608939656,"change":"I","type":"EBasicChangeLog","id":"1","data":{"name":"bean3","shortDescription":"bean3 hi","whoCreated":"42789","whoModified":"42789","whenCreated":1527608939654,"whenModified":1527608939654,"version":1}}
17:48:59.658 {"ts":1527608939658,"change":"U","type":"EBasicChangeLog","id":"1","data":{"name":"mod bean3","shortDescription":"update bean3","whoModified":"42789","whenModified":1527608939657,"version":2},"oldData":{"name":"bean3","shortDescription":"bean3 hi","whoModified":"42789","whenModified":1527608939654,"version":1}}
17:48:59.857 {"ts":1527608939857,"change":"I","type":"Contact","id":"26","data":{"firstName":"Check","lastName":"CollIds","email":"collids4@test.com","cretime":1527608939856,"updtime":1527608939856,"customer":{"id":1}}}
17:48:59.860 {"ts":1527608939860,"change":"D","type":"Contact","id":"26"}
17:49:02.654 {"ts":1527608942650,"change":"I","type":"Contact","id":"27","data":{"firstName":"Jim1","lastName":"Cricket","cretime":1527608942648,"updtime":1527608942648,"customer":{"id":16}}}
17:49:02.654 {"ts":1527608942650,"change":"I","type":"Contact","id":"28","data":{"firstName":"Fred1","lastName":"Blue","cretime":1527608942648,"updtime":1527608942648,"customer":{"id":16}}}
17:49:02.654 {"ts":1527608942650,"change":"I","type":"Contact","id":"29","data":{"firstName":"Bugs1","lastName":"Bunny","cretime":1527608942648,"updtime":1527608942648,"customer":{"id":16}}}
17:49:02.659 {"ts":1527608942656,"change":"I","type":"Order","id":"7","data":{"status":"NEW","orderDate":1527608942655,"cretime":1527608942655,"updtime":1527608942655,"customer":{"id":16}}}
17:49:02.667 {"ts":1527608942666,"change":"D","type":"Order","id":"7"}
17:49:02.674 {"ts":1527608942672,"change":"D","type":"Customer","id":"16"}
17:49:03.019 {"ts":1527608943018,"change":"U","type":"Order","id":"1","data":{"status":"APPROVED","updtime":1527608943017},"oldData":{"status":"NEW","updtime":1527608934685}}
17:49:03.347 {"ts":1527608943028,"change":"I","type":"Contact","id":"30","data":{"firstName":"Jim1","lastName":"Cricket","cretime":1527608943027,"updtime":1527608943027,"customer":{"id":17}}}
17:49:03.347 {"ts":1527608943029,"change":"I","type":"Contact","id":"31","data":{"firstName":"Fred1","lastName":"Blue","cretime":1527608943027,"updtime":1527608943027,"customer":{"id":17}}}
17:49:03.347 {"ts":1527608943029,"change":"I","type":"Contact","id":"32","data":{"firstName":"Bugs1","lastName":"Bunny","cretime":1527608943027,"updtime":1527608943027,"customer":{"id":17}}}
17:49:03.348 {"ts":1527608943031,"change":"I","type":"Order","id":"8","data":{"status":"NEW","orderDate":1527608943030,"cretime":1527608943030,"updtime":1527608943030,"customer":{"id":17}}}
17:49:03.362 {"ts":1527608943361,"change":"U","type":"Customer","id":"18","data":{"updtime":1527608943360,"status":"INACTIVE","smallnote":"2nd note"},"oldData":{"updtime":null,"status":"ACTIVE","smallnote":"a note"}}
17:49:03.367 {"ts":1527608943366,"change":"U","type":"Customer","id":"18","data":{"updtime":1527608943365,"version":2,"status":"NEW","smallnote":"3rd note"},"oldData":{"updtime":1527608943360,"version":1,"status":"INACTIVE","smallnote":"2nd note"}}
17:49:04.667 {"ts":1527608944624,"change":"I","type":"Contact","id":"33","data":{"firstName":"Jim1","lastName":"Cricket","cretime":1527608944622,"updtime":1527608944622,"customer":{"id":22}}}
17:49:04.668 {"ts":1527608944624,"change":"I","type":"Contact","id":"34","data":{"firstName":"Fred1","lastName":"Blue","cretime":1527608944623,"updtime":1527608944623,"customer":{"id":22}}}
17:49:04.668 {"ts":1527608944626,"change":"I","type":"Contact","id":"35","data":{"firstName":"Bugs1","lastName":"Bunny","cretime":1527608944623,"updtime":1527608944623,"customer":{"id":22}}}
17:49:04.668 {"ts":1527608944629,"change":"I","type":"Contact","id":"36","data":{"firstName":"Jim1","lastName":"Cricket","cretime":1527608944628,"updtime":1527608944628,"customer":{"id":23}}}
17:49:04.668 {"ts":1527608944629,"change":"I","type":"Contact","id":"37","data":{"firstName":"Fred1","lastName":"Blue","cretime":1527608944628,"updtime":1527608944628,"customer":{"id":23}}}
17:49:04.668 {"ts":1527608944629,"change":"I","type":"Contact","id":"38","data":{"firstName":"Bugs1","lastName":"Bunny","cretime":1527608944628,"updtime":1527608944628,"customer":{"id":23}}}
17:49:04.668 {"ts":1527608944636,"change":"I","type":"Contact","id":"39","data":{"firstName":"Jim1","lastName":"Cricket","cretime":1527608944633,"updtime":1527608944633,"customer":{"id":24}}}
17:49:04.668 {"ts":1527608944636,"change":"I","type":"Contact","id":"40","data":{"firstName":"Fred1","lastName":"Blue","cretime":1527608944633,"updtime":1527608944633,"customer":{"id":24}}}
17:49:04.668 {"ts":1527608944636,"change":"I","type":"Contact","id":"41","data":{"firstName":"Bugs1","lastName":"Bunny","cretime":1527608944633,"updtime":1527608944633,"customer":{"id":24}}}
17:49:06.710 {"ts":1527608946694,"change":"I","type":"Contact","id":"42","data":{"firstName":"Jim1","lastName":"Cricket","cretime":1527608946693,"updtime":1527608946693,"customer":{"id":25}}}
17:49:06.710 {"ts":1527608946694,"change":"I","type":"Contact","id":"43","data":{"firstName":"Fred1","lastName":"Blue","cretime":1527608946693,"updtime":1527608946693,"customer":{"id":25}}}
17:49:06.710 {"ts":1527608946694,"change":"I","type":"Contact","id":"44","data":{"firstName":"Bugs1","lastName":"Bunny","cretime":1527608946693,"updtime":1527608946693,"customer":{"id":25}}}
17:49:06.710 {"ts":1527608946695,"change":"I","type":"Order","id":"10","data":{"status":"NEW","orderDate":1527608946695,"cretime":1527608946695,"updtime":1527608946695,"customer":{"id":25}}}
17:49:06.736 {"ts":1527608946736,"change":"I","type":"Order","id":"11","data":{"status":"NEW","orderDate":1527608946735,"cretime":1527608946735,"updtime":1527608946735,"customer":{"id":26}}}
17:49:06.743 {"ts":1527608946741,"change":"D","type":"Order","id":"11"}
17:49:06.743 {"ts":1527608946742,"change":"D","type":"Customer","id":"26"}
17:49:08.129 {"ts":1527608948120,"change":"I","type":"Contact","id":"45","data":{"firstName":"Jim1","lastName":"Cricket","cretime":1527608948119,"updtime":1527608948119,"customer":{"id":27}}}
17:49:08.129 {"ts":1527608948120,"change":"I","type":"Contact","id":"46","data":{"firstName":"Fred1","lastName":"Blue","cretime":1527608948119,"updtime":1527608948119,"customer":{"id":27}}}
17:49:08.129 {"ts":1527608948120,"change":"I","type":"Contact","id":"47","data":{"firstName":"Bugs1","lastName":"Bunny","cretime":1527608948119,"updtime":1527608948119,"customer":{"id":27}}}
17:49:08.130 {"ts":1527608948122,"change":"I","type":"Order","id":"12","data":{"status":"NEW","orderDate":1527608948121,"cretime":1527608948121,"updtime":1527608948121,"customer":{"id":27}}}
17:49:08.232 {"ts":1527608948231,"change":"I","type":"Contact","id":"48","data":{"firstName":"Jim1","lastName":"Cricket","cretime":1527608948230,"updtime":1527608948230,"customer":{"id":29}}}
17:49:08.232 {"ts":1527608948231,"change":"I","type":"Contact","id":"49","data":{"firstName":"Fred1","lastName":"Blue","cretime":1527608948230,"updtime":1527608948230,"customer":{"id":29}}}
17:49:08.232 {"ts":1527608948231,"change":"I","type":"Contact","id":"50","data":{"firstName":"Bugs1","lastName":"Bunny","cretime":1527608948230,"updtime":1527608948230,"customer":{"id":29}}}
17:49:08.246 {"ts":1527608948234,"change":"I","type":"Order","id":"13","data":{"status":"NEW","orderDate":1527608948233,"cretime":1527608948233,"updtime":1527608948233,"customer":{"id":29}}}
17:49:08.277 {"ts":1527608948272,"change":"I","type":"Contact","id":"51","data":{"firstName":"Jim1","lastName":"Cricket","cretime":1527608948270,"updtime":1527608948270,"customer":{"id":30}}}
17:49:08.277 {"ts":1527608948272,"change":"I","type":"Contact","id":"52","data":{"firstName":"Fred1","lastName":"Blue","cretime":1527608948270,"updtime":1527608948270,"customer":{"id":30}}}
17:49:08.277 {"ts":1527608948272,"change":"I","type":"Contact","id":"53","data":{"firstName":"Bugs1","lastName":"Bunny","cretime":1527608948270,"updtime":1527608948270,"customer":{"id":30}}}
17:49:08.281 {"ts":1527608948280,"change":"I","type":"Order","id":"14","data":{"status":"NEW","orderDate":1527608948278,"cretime":1527608948278,"updtime":1527608948278,"customer":{"id":30}}}
17:49:08.289 {"ts":1527608948288,"change":"D","type":"Customer","id":"29"}
17:49:08.291 {"ts":1527608948290,"change":"D","type":"Customer","id":"30"}
17:49:14.552 {"ts":1527608954551,"change":"I","type":"EBasicChangeLog","id":"1","data":{"name":"readAudito1","shortDescription":"readAudit hello","whoCreated":"42789","whoModified":"42789","whenCreated":1527608954549,"whenModified":1527608954549,"version":1}}
17:49:14.556 {"ts":1527608954552,"change":"I","type":"EBasicChangeLog","id":"2","data":{"name":"readAudito2","shortDescription":"readAudit hi","whoCreated":"42789","whoModified":"42789","whenCreated":1527608954552,"whenModified":1527608954552,"version":1}}
17:49:14.559 {"ts":1527608954553,"change":"I","type":"Country","id":"AR","data":{"name":"Argentina"}}
17:49:14.748 {"ts":1527608954747,"change":"I","type":"EBasicChangeLog","id":"1","data":{"name":"readAudito1","shortDescription":"readAudit hello","whoCreated":"42789","whoModified":"42789","whenCreated":1527608954747,"whenModified":1527608954747,"version":1}}
17:49:14.751 {"ts":1527608954751,"change":"I","type":"EBasicChangeLog","id":"2","data":{"name":"readAudito2","shortDescription":"readAudit hi","whoCreated":"42789","whoModified":"42789","whenCreated":1527608954750,"whenModified":1527608954750,"version":1}}
17:49:14.754 {"ts":1527608954753,"change":"I","type":"Country","id":"AR","data":{"name":"Argentina"}}
17:49:14.900 {"ts":1527608954899,"change":"I","type":"EBasicChangeLog","id":"1","data":{"name":"readAudito1","shortDescription":"readAudit hello","whoCreated":"42789","whoModified":"42789","whenCreated":1527608954898,"whenModified":1527608954898,"version":1}}
17:49:14.909 {"ts":1527608954909,"change":"I","type":"EBasicChangeLog","id":"2","data":{"name":"readAudito2","shortDescription":"readAudit hi","whoCreated":"42789","whoModified":"42789","whenCreated":1527608954908,"whenModified":1527608954908,"version":1}}
17:49:14.910 {"ts":1527608954909,"change":"I","type":"Country","id":"AR","data":{"name":"Argentina"}}
17:49:15.066 {"ts":1527608955065,"change":"I","type":"EBasicChangeLog","id":"1","data":{"name":"readAudito1","shortDescription":"readAudit hello","whoCreated":"42789","whoModified":"42789","whenCreated":1527608955064,"whenModified":1527608955064,"version":1}}
17:49:15.078 {"ts":1527608955078,"change":"I","type":"EBasicChangeLog","id":"2","data":{"name":"readAudito2","shortDescription":"readAudit hi","whoCreated":"42789","whoModified":"42789","whenCreated":1527608955077,"whenModified":1527608955077,"version":1}}
17:49:15.079 {"ts":1527608955078,"change":"I","type":"Country","id":"AR","data":{"name":"Argentina"}}
17:49:15.252 {"ts":1527608955251,"change":"I","type":"EBasicChangeLog","id":"1","data":{"name":"readAudito1","shortDescription":"readAudit hello","whoCreated":"42789","whoModified":"42789","whenCreated":1527608955250,"whenModified":1527608955250,"version":1}}
17:49:15.253 {"ts":1527608955252,"change":"I","type":"EBasicChangeLog","id":"2","data":{"name":"readAudito2","shortDescription":"readAudit hi","whoCreated":"42789","whoModified":"42789","whenCreated":1527608955252,"whenModified":1527608955252,"version":1}}
17:49:15.254 {"ts":1527608955253,"change":"I","type":"Country","id":"AR","data":{"name":"Argentina"}}
17:49:15.383 {"ts":1527608955381,"change":"I","type":"EBasicChangeLog","id":"1","data":{"name":"readAudito1","shortDescription":"readAudit hello","whoCreated":"42789","whoModified":"42789","whenCreated":1527608955377,"whenModified":1527608955377,"version":1}}
17:49:15.399 {"ts":1527608955399,"change":"I","type":"EBasicChangeLog","id":"2","data":{"name":"readAudito2","shortDescription":"readAudit hi","whoCreated":"42789","whoModified":"42789","whenCreated":1527608955398,"whenModified":1527608955398,"version":1}}
17:49:15.400 {"ts":1527608955400,"change":"I","type":"Country","id":"AR","data":{"name":"Argentina"}}
17:49:15.643 {"ts":1527608955642,"change":"I","type":"EBasicChangeLog","id":"1","data":{"name":"readAudito1","shortDescription":"readAudit hello","whoCreated":"42789","whoModified":"42789","whenCreated":1527608955641,"whenModified":1527608955641,"version":1}}
17:49:15.644 {"ts":1527608955643,"change":"I","type":"EBasicChangeLog","id":"2","data":{"name":"readAudito2","shortDescription":"readAudit hi","whoCreated":"42789","whoModified":"42789","whenCreated":1527608955643,"whenModified":1527608955643,"version":1}}
17:49:15.646 {"ts":1527608955644,"change":"I","type":"Country","id":"AR","data":{"name":"Argentina"}}
17:49:15.771 {"ts":1527608955770,"change":"I","type":"EBasicChangeLog","id":"1","data":{"name":"readAudito1","shortDescription":"readAudit hello","whoCreated":"42789","whoModified":"42789","whenCreated":1527608955769,"whenModified":1527608955769,"version":1}}
17:49:15.775 {"ts":1527608955775,"change":"I","type":"EBasicChangeLog","id":"2","data":{"name":"readAudito2","shortDescription":"readAudit hi","whoCreated":"42789","whoModified":"42789","whenCreated":1527608955774,"whenModified":1527608955774,"version":1}}
17:49:15.779 {"ts":1527608955775,"change":"I","type":"Country","id":"AR","data":{"name":"Argentina"}}
17:49:15.901 {"ts":1527608955900,"change":"I","type":"EBasicChangeLog","id":"1","data":{"name":"readAudito1","shortDescription":"readAudit hello","whoCreated":"42789","whoModified":"42789","whenCreated":1527608955898,"whenModified":1527608955898,"version":1}}
17:49:15.902 {"ts":1527608955902,"change":"I","type":"EBasicChangeLog","id":"2","data":{"name":"readAudito2","shortDescription":"readAudit hi","whoCreated":"42789","whoModified":"42789","whenCreated":1527608955901,"whenModified":1527608955901,"version":1}}
17:49:15.903 {"ts":1527608955902,"change":"I","type":"Country","id":"AR","data":{"name":"Argentina"}}
17:49:15.962 {"ts":1527608955962,"change":"I","type":"mytable","id":"14","source":"myApp","userId":"user234","userIpAddress":"123.4.5.6","userContext":{"someKey":"user defined input"},"data":}
17:49:15.962 {"ts":1527608955962,"change":"U","type":"mytable","id":"15","source":"myApp","userId":"user234","userIpAddress":"123.4.5.6","userContext":{"someKey":"user defined input"},"data":}
17:49:15.962 {"ts":1527608955962,"change":"D","type":"mytable","id":"16","source":"myApp","userId":"user234","userIpAddress":"123.4.5.6","userContext":{"someKey":"user defined input"}}
17:49:19.045 {"ts":1527608959044,"change":"U","type":"Order","id":"1","data":{"customer":{"id":2},"updtime":1527608959042},"oldData":{"customer":{"id":1},"updtime":1527608934685}}
17:49:19.046 {"ts":1527608959046,"change":"U","type":"Order","id":"1","data":{"customer":{"id":1},"updtime":1527608959045},"oldData":{"customer":{"id":2},"updtime":1527608959042}}
17:49:19.192 {"ts":1527608959192,"change":"U","type":"Contact","id":"4","data":{"email":"mychangedemail@what.com","updtime":1527608959191},"oldData":{"email":"black1@test.com","updtime":1527608934656}}
17:49:19.559 {"ts":1527608959558,"change":"I","type":"ProductConfiguration","id":"1","data":{"name":"PC1"}}
17:49:19.560 {"ts":1527608959559,"change":"I","type":"ProductConfiguration","id":"2","data":{}}
17:49:19.561 {"ts":1527608959560,"change":"I","type":"GroupConfiguration","id":"3","data":{"name":"GC1"}}
17:49:19.561 {"ts":1527608959560,"change":"I","type":"GroupConfiguration","id":"4","data":{}}
17:49:19.707 {"ts":1527608959690,"change":"I","type":"Contact","id":"54","data":{"firstName":"Jim1","lastName":"Cricket","cretime":1527608959688,"updtime":1527608959688,"customer":{"id":42}}}
17:49:19.707 {"ts":1527608959690,"change":"I","type":"Contact","id":"55","data":{"firstName":"Fred1","lastName":"Blue","cretime":1527608959689,"updtime":1527608959689,"customer":{"id":42}}}
17:49:19.707 {"ts":1527608959690,"change":"I","type":"Contact","id":"56","data":{"firstName":"Bugs1","lastName":"Bunny","cretime":1527608959689,"updtime":1527608959689,"customer":{"id":42}}}
17:49:19.707 {"ts":1527608959693,"change":"I","type":"Contact","id":"57","data":{"firstName":"Jim2","lastName":"Cricket","cretime":1527608959692,"updtime":1527608959692,"customer":{"id":43}}}
17:49:19.707 {"ts":1527608959693,"change":"I","type":"Contact","id":"58","data":{"firstName":"Fred2","lastName":"Blue","cretime":1527608959692,"updtime":1527608959692,"customer":{"id":43}}}
17:49:19.707 {"ts":1527608959693,"change":"I","type":"Contact","id":"59","data":{"firstName":"Bugs2","lastName":"Bunny","cretime":1527608959692,"updtime":1527608959692,"customer":{"id":43}}}
17:49:19.707 {"ts":1527608959701,"change":"D","type":"Customer","id":"42"}
17:49:19.707 {"ts":1527608959705,"change":"D","type":"Customer","id":"43"}
17:49:19.736 {"ts":1527608959712,"change":"I","type":"Contact","id":"60","data":{"firstName":"Jim1","lastName":"Cricket","cretime":1527608959711,"updtime":1527608959711,"customer":{"id":44}}}
17:49:19.736 {"ts":1527608959713,"change":"I","type":"Contact","id":"61","data":{"firstName":"Fred1","lastName":"Blue","cretime":1527608959711,"updtime":1527608959711,"customer":{"id":44}}}
17:49:19.736 {"ts":1527608959713,"change":"I","type":"Contact","id":"62","data":{"firstName":"Bugs1","lastName":"Bunny","cretime":1527608959711,"updtime":1527608959711,"customer":{"id":44}}}
17:49:19.736 {"ts":1527608959716,"change":"I","type":"Order","id":"15","data":{"status":"NEW","orderDate":1527608959713,"cretime":1527608959713,"updtime":1527608959713,"customer":{"id":44}}}
17:49:19.736 {"ts":1527608959723,"change":"I","type":"Contact","id":"63","data":{"firstName":"Jim1","lastName":"Cricket","cretime":1527608959722,"updtime":1527608959722,"customer":{"id":45}}}
17:49:19.736 {"ts":1527608959724,"change":"I","type":"Contact","id":"64","data":{"firstName":"Fred1","lastName":"Blue","cretime":1527608959722,"updtime":1527608959722,"customer":{"id":45}}}
17:49:19.736 {"ts":1527608959724,"change":"I","type":"Contact","id":"65","data":{"firstName":"Bugs1","lastName":"Bunny","cretime":1527608959722,"updtime":1527608959722,"customer":{"id":45}}}
17:49:19.736 {"ts":1527608959725,"change":"I","type":"Order","id":"16","data":{"status":"NEW","orderDate":1527608959724,"cretime":1527608959724,"updtime":1527608959724,"customer":{"id":45}}}
17:49:20.241 {"ts":1527608960219,"change":"I","type":"Contact","id":"66","data":{"firstName":"Jim1","lastName":"Cricket","cretime":1527608960217,"updtime":1527608960217,"customer":{"id":46}}}
17:49:20.241 {"ts":1527608960219,"change":"I","type":"Contact","id":"67","data":{"firstName":"Fred1","lastName":"Blue","cretime":1527608960218,"updtime":1527608960218,"customer":{"id":46}}}
17:49:20.241 {"ts":1527608960219,"change":"I","type":"Contact","id":"68","data":{"firstName":"Bugs1","lastName":"Bunny","cretime":1527608960218,"updtime":1527608960218,"customer":{"id":46}}}
17:49:20.241 {"ts":1527608960223,"change":"I","type":"Order","id":"17","data":{"status":"NEW","orderDate":1527608960223,"cretime":1527608960223,"updtime":1527608960223,"customer":{"id":46}}}
17:49:20.383 {"ts":1527608960383,"change":"U","type":"Customer","id":"47","data":{"updtime":1527608960382,"version":2,"name":"bar"},"oldData":{"updtime":1527608960380,"version":1,"name":"foo"}}
17:49:20.384 {"ts":1527608960384,"change":"I","type":"Order","id":"18","data":{"status":"NEW","orderDate":1527608960383,"cretime":1527608960384,"updtime":1527608960384,"customer":{"id":47}}}
17:49:20.386 {"ts":1527608960385,"change":"U","type":"Customer","id":"47","data":{"updtime":1527608960385,"version":3,"name":"baz"},"oldData":{"updtime":1527608960382,"version":2,"name":"bar"}}
17:49:20.497 {"ts":1527608960483,"change":"I","type":"Contact","id":"69","data":{"firstName":"Jim1","lastName":"Cricket","cretime":1527608960482,"updtime":1527608960482,"customer":{"id":48}}}
17:49:20.497 {"ts":1527608960483,"change":"I","type":"Contact","id":"70","data":{"firstName":"Fred1","lastName":"Blue","cretime":1527608960483,"updtime":1527608960483,"customer":{"id":48}}}
17:49:20.497 {"ts":1527608960484,"change":"I","type":"Contact","id":"71","data":{"firstName":"Bugs1","lastName":"Bunny","cretime":1527608960483,"updtime":1527608960483,"customer":{"id":48}}}
17:49:20.497 {"ts":1527608960484,"change":"I","type":"Order","id":"19","data":{"status":"NEW","orderDate":1527608960484,"cretime":1527608960484,"updtime":1527608960484,"customer":{"id":48}}}
17:49:20.497 {"ts":1527608960490,"change":"U","type":"Order","id":"19","data":{"id":19,"status":"SHIPPED","orderDate":1527544800000,"shipDate":null,"customer":{"id":48},"cretime":1527608960484,"updtime":1527608960489}}
17:49:26.730 {"ts":1527608966718,"change":"I","type":"Contact","id":"72","data":{"firstName":"Jim9","lastName":"Cricket","cretime":1527608966717,"updtime":1527608966717,"customer":{"id":42424252}}}
17:49:26.730 {"ts":1527608966718,"change":"I","type":"Contact","id":"73","data":{"firstName":"Fred9","lastName":"Blue","cretime":1527608966717,"updtime":1527608966717,"customer":{"id":42424252}}}
17:49:26.730 {"ts":1527608966718,"change":"I","type":"Contact","id":"74","data":{"firstName":"Bugs9","lastName":"Bunny","cretime":1527608966717,"updtime":1527608966717,"customer":{"id":42424252}}}
17:49:28.269 {"ts":1527608966950,"change":"I","type":"Contact","id":"75","data":{"firstName":"Jim1","lastName":"Cricket","cretime":1527608966948,"updtime":1527608966948,"customer":{"id":42424253}}}
17:49:28.269 {"ts":1527608966950,"change":"I","type":"Contact","id":"76","data":{"firstName":"Fred1","lastName":"Blue","cretime":1527608966948,"updtime":1527608966948,"customer":{"id":42424253}}}
17:49:28.269 {"ts":1527608966950,"change":"I","type":"Contact","id":"77","data":{"firstName":"Bugs1","lastName":"Bunny","cretime":1527608966948,"updtime":1527608966948,"customer":{"id":42424253}}}
17:49:28.269 {"ts":1527608966968,"change":"I","type":"Order","id":"20","data":{"status":"NEW","orderDate":1527608966965,"cretime":1527608966965,"updtime":1527608966965,"customer":{"id":42424253}}}
17:49:28.283 {"ts":1527608968280,"change":"U","type":"Customer","id":"42424254","data":{"updtime":1527608968280,"version":2,"name":"jim-changed"},"oldData":{"updtime":1527608968278,"version":1,"name":"jim"}}
17:49:28.283 {"ts":1527608968281,"change":"U","type":"Customer","id":"42424255","data":{"updtime":1527608968281,"version":2,"name":"bob-changed"},"oldData":{"updtime":1527608968278,"version":1,"name":"bob"}}
17:49:28.286 {"ts":1527608968285,"change":"U","type":"Customer","id":"42424254","data":{"updtime":1527608968284,"version":3,"name":"jim-updated"},"oldData":{"updtime":1527608968280,"version":2,"name":"jim-changed"}}
17:49:28.290 {"ts":1527608968288,"change":"D","type":"Customer","id":"42424254"}
17:49:28.290 {"ts":1527608968289,"change":"D","type":"Customer","id":"42424256"}
17:49:28.290 {"ts":1527608968290,"change":"D","type":"Customer","id":"42424255"}
17:49:28.428 {"ts":1527608968427,"change":"U","type":"Country","id":"NZ","data":{"name":"New Zealandia"},"oldData":{"name":"New Zealand"}}
17:49:28.475 {"ts":1527608968475,"change":"D","type":"Customer","id":"42424257"}
17:49:28.508 {"ts":1527608968508,"change":"U","type":"Customer","id":"42424258","data":{"id":42424258,"cretime":1527608968506,"updtime":1527608968507,"version":2,"status":"NEW","name":"Mod1","smallnote":null,"anniversary":null}}
17:49:28.509 {"ts":1527608968509,"change":"U","type":"Customer","id":"42424258","data":{"id":42424258,"updtime":1527608968509,"status":"ACTIVE","name":"ModIns"}}
17:49:28.513 {"ts":1527608968513,"change":"D","type":"Contact","id":"999999"}
17:49:28.597 {"ts":1527608968597,"change":"I","type":"GroupConfiguration","id":"5","data":{"groupName":"GC1","configurations":{"id":1}}}
17:49:28.599 {"ts":1527608968599,"change":"I","type":"ProductConfiguration","id":"6","data":{"name":"PC1"}}
17:49:28.602 {"ts":1527608968602,"change":"I","type":"ProductConfiguration","id":"7","data":{"name":"PC1"}}
17:49:28.602 {"ts":1527608968602,"change":"I","type":"GroupConfiguration","id":"8","data":{"name":"GC1"}}
17:49:28.603 {"ts":1527608968603,"change":"I","type":"GroupConfiguration","id":"9","data":{"name":"GC1"}}
