17:48:59.818 {"eventTime":1527608939818,"beanType":"org.tests.model.basic.Country","queryKey":"t:0,id: detail[qpp[null config:-25896270]]","bindLog":"NZ, ","id":"NZ"}
17:48:59.820 {"eventTime":1527608939819,"beanType":"org.tests.model.basic.Country","queryKey":"t:0,id: detail[qpp[null config:-25896270]]","bindLog":"AU, ","id":"AU"}
17:48:59.826 {"eventTime":1527608939826,"beanType":"org.tests.model.basic.Country","queryKey":"t:1,m2m:o_cached_bean_country detail[qpp[null config:-25896270]] where[List[Raw[(int_.o_cached_bean_id) in (? )  ?1],]]","bindLog":"Array[1]={4}","ids":["NZ","AU"]}
17:48:59.826 {"eventTime":1527608939826,"beanType":"org.tests.model.basic.Country","queryKey":"l2","bindLog":"","id":"AU"}
17:48:59.830 {"eventTime":1527608939830,"beanType":"org.tests.model.basic.Country","queryKey":"ref","bindLog":"","id":"AU"}
17:48:59.831 {"eventTime":1527608939831,"beanType":"org.tests.model.basic.Country","queryKey":"l2","bindLog":"","id":"NZ"}
17:48:59.831 {"eventTime":1527608939831,"beanType":"org.tests.model.basic.Country","queryKey":"l2","bindLog":"","id":"AU"}
17:48:59.834 {"eventTime":1527608939834,"beanType":"org.tests.model.basic.Country","queryKey":"t:1,m2m:o_cached_bean_country detail[qpp[null config:-25896270]] where[List[Raw[(int_.o_cached_bean_id) in (? )  ?1],]]","bindLog":"Array[1]={5}","ids":["NZ","AU"]}
17:48:59.835 {"eventTime":1527608939835,"beanType":"org.tests.model.basic.Country","queryKey":"ref","bindLog":"","id":"NZ"}
17:48:59.835 {"eventTime":1527608939835,"beanType":"org.tests.model.basic.Country","queryKey":"ref","bindLog":"","id":"AU"}
17:48:59.835 {"eventTime":1527608939835,"beanType":"org.tests.model.basic.Country","queryKey":"l2","bindLog":"","id":"AU"}
17:48:59.838 {"eventTime":1527608939838,"beanType":"org.tests.model.basic.Country","queryKey":"ref","bindLog":"","id":"AU"}
17:48:59.838 {"eventTime":1527608939838,"beanType":"org.tests.model.basic.Country","queryKey":"l2","bindLog":"","id":"NZ"}
17:48:59.839 {"eventTime":1527608939839,"beanType":"org.tests.model.basic.Country","queryKey":"l2","bindLog":"","id":"AU"}
17:48:59.842 {"eventTime":1527608939842,"beanType":"org.tests.model.basic.Country","queryKey":"t:1,m2m:o_cached_bean_country detail[qpp[null config:-25896270]] where[List[Raw[(int_.o_cached_bean_id) in (? )  ?1],]]","bindLog":"Array[1]={6}","ids":["NZ","AU"]}
17:48:59.843 {"eventTime":1527608939842,"beanType":"org.tests.model.basic.Country","queryKey":"ref","bindLog":"","id":"NZ"}
17:48:59.843 {"eventTime":1527608939843,"beanType":"org.tests.model.basic.Country","queryKey":"ref","bindLog":"","id":"AU"}
17:48:59.843 {"eventTime":1527608939843,"beanType":"org.tests.model.basic.Country","queryKey":"l2","bindLog":"","id":"AU"}
17:48:59.845 {"eventTime":1527608939845,"beanType":"org.tests.model.basic.Country","queryKey":"ref","bindLog":"","id":"AU"}
17:48:59.863 {"eventTime":1527608939863,"beanType":"org.tests.model.basic.Country","queryKey":"t:0,id: detail[qpp[null config:-25896270]]","bindLog":"NZ, ","id":"NZ"}
17:49:01.964 {"eventTime":1527608941963,"beanType":"org.tests.model.basic.Country","queryKey":"ref","bindLog":"","id":"NZ"}
17:49:01.967 {"eventTime":1527608941967,"beanType":"org.tests.model.basic.Country","queryKey":"ref","bindLog":"","id":"NZ"}
17:49:02.645 {"eventTime":1527608942644,"beanType":"org.tests.model.basic.Country","queryKey":"ref","bindLog":"","id":"NZ"}
17:49:02.645 {"eventTime":1527608942645,"beanType":"org.tests.model.basic.Country","queryKey":"ref","bindLog":"","id":"NZ"}
17:49:02.704 {"eventTime":1527608942704,"beanType":"org.tests.model.basic.Country","queryKey":"ref","bindLog":"","id":"NZ"}
17:49:02.721 {"eventTime":1527608942721,"beanType":"org.tests.model.basic.Country","queryKey":"t:1 detail[qpp[null config:-25896270]]","bindLog":"","ids":["NZ","AU"]}
17:49:02.721 {"eventTime":1527608942721,"beanType":"org.tests.model.basic.Country","queryKey":"ref","bindLog":"","id":"NZ"}
17:49:02.733 {"eventTime":1527608942733,"beanType":"org.tests.model.basic.Country","queryKey":"t:3,orderBy:name detail[qpp[null config:-25896270]]","bindLog":"","ids":["AU","NZ"]}
17:49:02.734 {"eventTime":1527608942734,"beanType":"org.tests.model.basic.Country","queryKey":"l2","bindLog":"","id":"NZ"}
17:49:03.024 {"eventTime":1527608943024,"beanType":"org.tests.model.basic.Country","queryKey":"ref","bindLog":"","id":"NZ"}
17:49:03.024 {"eventTime":1527608943024,"beanType":"org.tests.model.basic.Country","queryKey":"ref","bindLog":"","id":"NZ"}
17:49:03.761 {"eventTime":1527608943761,"beanType":"org.tests.model.basic.Country","queryKey":"ref","bindLog":"","id":"NZ"}
17:49:04.105 {"eventTime":1527608944105,"beanType":"org.tests.model.basic.Country","queryKey":"ref","bindLog":"","id":"NZ"}
17:49:04.618 {"eventTime":1527608944618,"beanType":"org.tests.model.basic.Country","queryKey":"ref","bindLog":"","id":"NZ"}
17:49:04.618 {"eventTime":1527608944618,"beanType":"org.tests.model.basic.Country","queryKey":"ref","bindLog":"","id":"NZ"}
17:49:04.620 {"eventTime":1527608944620,"beanType":"org.tests.model.basic.Country","queryKey":"ref","bindLog":"","id":"NZ"}
17:49:04.620 {"eventTime":1527608944620,"beanType":"org.tests.model.basic.Country","queryKey":"ref","bindLog":"","id":"NZ"}
17:49:04.621 {"eventTime":1527608944621,"beanType":"org.tests.model.basic.Country","queryKey":"ref","bindLog":"","id":"NZ"}
17:49:04.621 {"eventTime":1527608944621,"beanType":"org.tests.model.basic.Country","queryKey":"ref","bindLog":"","id":"NZ"}
17:49:04.627 {"eventTime":1527608944627,"beanType":"org.tests.model.basic.Country","queryKey":"ref","bindLog":"","id":"NZ"}
17:49:04.627 {"eventTime":1527608944627,"beanType":"org.tests.model.basic.Country","queryKey":"ref","bindLog":"","id":"NZ"}
17:49:04.631 {"eventTime":1527608944631,"beanType":"org.tests.model.basic.Country","queryKey":"ref","bindLog":"","id":"NZ"}
17:49:04.632 {"eventTime":1527608944631,"beanType":"org.tests.model.basic.Country","queryKey":"ref","bindLog":"","id":"NZ"}
17:49:18.864 {"eventTime":1527608958864,"beanType":"org.tests.model.basic.Country","queryKey":"t:0,id: detail[qpp[null config:-25896270]]","bindLog":"NZ, ","id":"NZ"}
17:49:18.865 {"eventTime":1527608958865,"beanType":"org.tests.model.basic.Country","queryKey":"t:0,id: detail[qpp[null config:-25896270]]","bindLog":"NZ, ","id":"NZ"}
17:49:18.865 {"eventTime":1527608958865,"beanType":"org.tests.model.basic.Country","queryKey":"t:0,id: detail[qpp[null config:-25896270]]","bindLog":"NZ, ","id":"NZ"}
17:49:18.866 {"eventTime":1527608958865,"beanType":"org.tests.model.basic.Country","queryKey":"ref","bindLog":"","id":"NZ"}
17:49:18.866 {"eventTime":1527608958866,"beanType":"org.tests.model.basic.Country","queryKey":"ref","bindLog":"","id":"NZ"}
17:49:18.866 {"eventTime":1527608958866,"beanType":"org.tests.model.basic.Country","queryKey":"l2","bindLog":"","id":"NZ"}
17:49:18.866 {"eventTime":1527608958866,"beanType":"org.tests.model.basic.Country","queryKey":"t:0,id: detail[qpp[null config:-25896270]]","bindLog":"NZ, ","id":"NZ"}
17:49:19.512 {"eventTime":1527608959512,"beanType":"org.tests.model.basic.Country","queryKey":"ref","bindLog":"","id":"NZ"}
17:49:19.586 {"eventTime":1527608959586,"beanType":"org.tests.model.basic.Country","queryKey":"ref","bindLog":"","id":"NZ"}
17:49:19.589 {"eventTime":1527608959589,"beanType":"org.tests.model.basic.Country","queryKey":"ref","bindLog":"","id":"NZ"}
17:49:19.589 {"eventTime":1527608959589,"beanType":"org.tests.model.basic.Country","queryKey":"ref","bindLog":"","id":"NZ"}
17:49:19.589 {"eventTime":1527608959589,"beanType":"org.tests.model.basic.Country","queryKey":"ref","bindLog":"","id":"NZ"}
17:49:19.590 {"eventTime":1527608959590,"beanType":"org.tests.model.basic.Country","queryKey":"ref","bindLog":"","id":"NZ"}
17:49:19.590 {"eventTime":1527608959590,"beanType":"org.tests.model.basic.Country","queryKey":"ref","bindLog":"","id":"NZ"}
17:49:19.590 {"eventTime":1527608959590,"beanType":"org.tests.model.basic.Country","queryKey":"ref","bindLog":"","id":"NZ"}
17:49:19.612 {"eventTime":1527608959612,"beanType":"org.tests.model.basic.Country","queryKey":"ref","bindLog":"","id":"NZ"}
17:49:19.612 {"eventTime":1527608959612,"beanType":"org.tests.model.basic.Country","queryKey":"ref","bindLog":"","id":"NZ"}
17:49:19.612 {"eventTime":1527608959612,"beanType":"org.tests.model.basic.Country","queryKey":"ref","bindLog":"","id":"NZ"}
17:49:19.685 {"eventTime":1527608959685,"beanType":"org.tests.model.basic.Country","queryKey":"ref","bindLog":"","id":"NZ"}
17:49:19.685 {"eventTime":1527608959685,"beanType":"org.tests.model.basic.Country","queryKey":"ref","bindLog":"","id":"NZ"}
17:49:19.685 {"eventTime":1527608959685,"beanType":"org.tests.model.basic.Country","queryKey":"ref","bindLog":"","id":"NZ"}
17:49:19.686 {"eventTime":1527608959686,"beanType":"org.tests.model.basic.Country","queryKey":"ref","bindLog":"","id":"NZ"}
17:49:19.708 {"eventTime":1527608959708,"beanType":"org.tests.model.basic.Country","queryKey":"ref","bindLog":"","id":"NZ"}
17:49:19.709 {"eventTime":1527608959708,"beanType":"org.tests.model.basic.Country","queryKey":"ref","bindLog":"","id":"NZ"}
17:49:19.720 {"eventTime":1527608959720,"beanType":"org.tests.model.basic.Country","queryKey":"ref","bindLog":"","id":"NZ"}
17:49:19.720 {"eventTime":1527608959720,"beanType":"org.tests.model.basic.Country","queryKey":"ref","bindLog":"","id":"NZ"}
17:49:25.723 {"eventTime":1527608965723,"beanType":"org.tests.model.basic.Country","queryKey":"t:1 detail[qpp[null config:-25896270]] where[List[In[code ?2],]]","bindLog":"Array[2]={NZ,AU}","ids":["AU","NZ"]}
17:49:25.724 {"eventTime":1527608965724,"beanType":"org.tests.model.basic.Country","queryKey":"t:1 detail[qpp[null config:-25896270]] where[List[NotIn[code ?3],]]","bindLog":"Array[3]={NZ,SA,US}","ids":["AU"]}
17:49:28.426 {"eventTime":1527608968426,"beanType":"org.tests.model.basic.Country","queryKey":"t:1,orderBy:name detail[qpp[null config:-25896270]]","bindLog":"","ids":["AU","NZ"]}
17:49:28.426 {"eventTime":1527608968426,"beanType":"org.tests.model.basic.Country","queryKey":"t:1,orderBy:name detail[qpp[null config:-25896270]]","bindLog":"l2-query-cache","ids":["AU","NZ"]}
17:49:28.427 {"eventTime":1527608968427,"beanType":"org.tests.model.basic.Country","queryKey":"t:0,id: detail[qpp[null config:-25896270]]","bindLog":"NZ, ","id":"NZ"}
17:49:28.428 {"eventTime":1527608968428,"beanType":"org.tests.model.basic.Country","queryKey":"t:1,orderBy:name detail[qpp[null config:-25896270]]","bindLog":"","ids":["AU","NZ"]}
17:49:28.429 {"eventTime":1527608968429,"beanType":"org.tests.model.basic.Country","queryKey":"t:1,orderBy:name detail[qpp[null config:-25896270]] where[List[Like[STARTS_WITH name],]]","bindLog":"l2-query-cache","ids":[]}
17:49:28.699 {"eventTime":1527608968699,"beanType":"org.tests.model.basic.Country","queryKey":"t:1 detail[qpp[null config:-25896270]]","bindLog":"","ids":["AU","NZ"]}
17:49:28.700 {"eventTime":1527608968700,"beanType":"org.tests.model.basic.Country","queryKey":"t:1 detail[qpp[null config:-25896270]]","bindLog":"","ids":["AU","NZ"]}
17:49:28.701 {"eventTime":1527608968701,"beanType":"org.tests.model.basic.Country","queryKey":"t:1 detail[qpp[null config:-25896270]]","bindLog":"","ids":["AU","NZ"]}
17:49:28.701 {"eventTime":1527608968701,"beanType":"org.tests.model.basic.Country","queryKey":"t:1 detail[qpp[null config:-25896270]]","bindLog":"","ids":["AU","NZ"]}
17:49:28.701 {"eventTime":1527608968701,"beanType":"org.tests.model.basic.Country","queryKey":"t:1 detail[qpp[null config:-25896270]]","bindLog":"","ids":["AU","NZ"]}
