2018-06-01 06:11:30,508 ERROR AbstractController:210 Mobsim did not complete normally! afterMobsimListeners will be called anyway.
com.google.inject.ProvisionException: Unable to provision, see the following errors:

1) Error in custom provider, java.lang.NoClassDefFoundError: Could not initialize class org.gnu.glpk.GLPKJNI
  at ch.ethz.idsc.amodeus.matsim.StandardMATSimScenarioTest$2.provideTravelData(StandardMATSimScenarioTest.java:217) (via modules: com.google.inject.util.Modules$CombinedModule -> com.google.inject.util.Modules$CombinedModule -> org.matsim.core.controler.AbstractModule$4 -> com.google.inject.util.Modules$OverrideModule -> org.matsim.core.controler.AbstractModule$4 -> com.google.inject.util.Modules$OverrideModule -> org.matsim.core.controler.AbstractModule$4 -> com.google.inject.util.Modules$OverrideModule -> org.matsim.core.controler.AbstractModule$4 -> com.google.inject.util.Modules$OverrideModule -> org.matsim.core.controler.AbstractModule$4 -> com.google.inject.util.Modules$OverrideModule -> ch.ethz.idsc.amodeus.matsim.StandardMATSimScenarioTest$2)
  at ch.ethz.idsc.amodeus.matsim.StandardMATSimScenarioTest$2.provideTravelData(StandardMATSimScenarioTest.java:217) (via modules: com.google.inject.util.Modules$CombinedModule -> com.google.inject.util.Modules$CombinedModule -> org.matsim.core.controler.AbstractModule$4 -> com.google.inject.util.Modules$OverrideModule -> org.matsim.core.controler.AbstractModule$4 -> com.google.inject.util.Modules$OverrideModule -> org.matsim.core.controler.AbstractModule$4 -> com.google.inject.util.Modules$OverrideModule -> org.matsim.core.controler.AbstractModule$4 -> com.google.inject.util.Modules$OverrideModule -> org.matsim.core.controler.AbstractModule$4 -> com.google.inject.util.Modules$OverrideModule -> ch.ethz.idsc.amodeus.matsim.StandardMATSimScenarioTest$2)
  while locating ch.ethz.idsc.amodeus.traveldata.TravelData
    for field at ch.ethz.idsc.amodeus.dispatcher.FeedforwardFluidicRebalancingPolicy$Factory.travelData(FeedforwardFluidicRebalancingPolicy.java:162)
  while locating ch.ethz.idsc.amodeus.dispatcher.FeedforwardFluidicRebalancingPolicy$Factory
  while locating ch.ethz.matsim.av.dispatcher.AVDispatcher$AVDispatcherFactory annotated with @com.google.inject.multibindings.Element(setName=,uniqueId=630, type=MAPBINDER, keyType=java.lang.String)
  at ch.ethz.matsim.av.framework.AVUtils.bindDispatcherFactory(AVUtils.java:11) (via modules: com.google.inject.util.Modules$CombinedModule -> com.google.inject.util.Modules$CombinedModule -> org.matsim.core.controler.AbstractModule$4 -> com.google.inject.util.Modules$OverrideModule -> org.matsim.core.controler.AbstractModule$4 -> com.google.inject.util.Modules$OverrideModule -> org.matsim.core.controler.AbstractModule$4 -> com.google.inject.util.Modules$OverrideModule -> org.matsim.core.controler.AbstractModule$4 -> com.google.inject.util.Modules$OverrideModule -> org.matsim.core.controler.AbstractModule$4 -> com.google.inject.util.Modules$OverrideModule -> org.matsim.core.controler.AbstractModule$4 -> com.google.inject.util.Modules$OverrideModule -> org.matsim.core.controler.AbstractModule$4 -> com.google.inject.util.Modules$OverrideModule -> ch.ethz.idsc.amodeus.matsim.mod.AmodeusDispatcherModule -> com.google.inject.multibindings.MapBinder$RealMapBinder)
  while locating java.util.Map<java.lang.String, ch.ethz.matsim.av.dispatcher.AVDispatcher$AVDispatcherFactory>
    for the 1st parameter of ch.ethz.matsim.av.framework.AVQSimModule.provideDispatchers(AVQSimModule.java:70)
  at ch.ethz.matsim.av.framework.AVQSimModule.provideDispatchers(AVQSimModule.java:70) (via modules: org.matsim.core.mobsim.qsim.QSimProvider$1 -> ch.ethz.idsc.amodeus.matsim.mod.AmodeusQSimModule -> com.google.inject.util.Modules$OverrideModule -> ch.ethz.matsim.av.framework.AVQSimModule)
  while locating java.util.Map<org.matsim.api.core.v01.Id<ch.ethz.matsim.av.data.AVOperator>, ch.ethz.matsim.av.dispatcher.AVDispatcher>
    for field at ch.ethz.matsim.av.passenger.AVRequestCreator.dispatchers(AVRequestCreator.java:21)
  at ch.ethz.matsim.av.framework.AVQSimModule.configure(AVQSimModule.java:37) (via modules: org.matsim.core.mobsim.qsim.QSimProvider$1 -> ch.ethz.idsc.amodeus.matsim.mod.AmodeusQSimModule -> com.google.inject.util.Modules$OverrideModule -> ch.ethz.matsim.av.framework.AVQSimModule)
  while locating ch.ethz.matsim.av.passenger.AVRequestCreator
    for the 2nd parameter of ch.ethz.matsim.av.framework.AVQSimModule.providePassengerEngine(AVQSimModule.java:48)
  at ch.ethz.matsim.av.framework.AVQSimModule.providePassengerEngine(AVQSimModule.java:48) (via modules: org.matsim.core.mobsim.qsim.QSimProvider$1 -> ch.ethz.idsc.amodeus.matsim.mod.AmodeusQSimModule -> com.google.inject.util.Modules$OverrideModule -> ch.ethz.matsim.av.framework.AVQSimModule)
  while locating org.matsim.contrib.dvrp.passenger.PassengerEngine
  while locating org.matsim.core.mobsim.qsim.QSimProvider
  while locating org.matsim.core.mobsim.framework.Mobsim

2) Error in custom provider, java.lang.NoClassDefFoundError: Could not initialize class org.gnu.glpk.GLPKJNI
  at ch.ethz.idsc.amodeus.matsim.StandardMATSimScenarioTest$2.provideTravelData(StandardMATSimScenarioTest.java:217) (via modules: com.google.inject.util.Modules$CombinedModule -> com.google.inject.util.Modules$CombinedModule -> org.matsim.core.controler.AbstractModule$4 -> com.google.inject.util.Modules$OverrideModule -> org.matsim.core.controler.AbstractModule$4 -> com.google.inject.util.Modules$OverrideModule -> org.matsim.core.controler.AbstractModule$4 -> com.google.inject.util.Modules$OverrideModule -> org.matsim.core.controler.AbstractModule$4 -> com.google.inject.util.Modules$OverrideModule -> org.matsim.core.controler.AbstractModule$4 -> com.google.inject.util.Modules$OverrideModule -> ch.ethz.idsc.amodeus.matsim.StandardMATSimScenarioTest$2)
  at ch.ethz.idsc.amodeus.matsim.StandardMATSimScenarioTest$2.provideTravelData(StandardMATSimScenarioTest.java:217) (via modules: com.google.inject.util.Modules$CombinedModule -> com.google.inject.util.Modules$CombinedModule -> org.matsim.core.controler.AbstractModule$4 -> com.google.inject.util.Modules$OverrideModule -> org.matsim.core.controler.AbstractModule$4 -> com.google.inject.util.Modules$OverrideModule -> org.matsim.core.controler.AbstractModule$4 -> com.google.inject.util.Modules$OverrideModule -> org.matsim.core.controler.AbstractModule$4 -> com.google.inject.util.Modules$OverrideModule -> org.matsim.core.controler.AbstractModule$4 -> com.google.inject.util.Modules$OverrideModule -> ch.ethz.idsc.amodeus.matsim.StandardMATSimScenarioTest$2)
  while locating ch.ethz.idsc.amodeus.traveldata.TravelData
    for field at ch.ethz.idsc.amodeus.dispatcher.FeedforwardFluidicRebalancingPolicy$Factory.travelData(FeedforwardFluidicRebalancingPolicy.java:162)
  while locating ch.ethz.idsc.amodeus.dispatcher.FeedforwardFluidicRebalancingPolicy$Factory
  while locating ch.ethz.matsim.av.dispatcher.AVDispatcher$AVDispatcherFactory annotated with @com.google.inject.multibindings.Element(setName=,uniqueId=630, type=MAPBINDER, keyType=java.lang.String)
  at ch.ethz.matsim.av.framework.AVUtils.bindDispatcherFactory(AVUtils.java:11) (via modules: com.google.inject.util.Modules$CombinedModule -> com.google.inject.util.Modules$CombinedModule -> org.matsim.core.controler.AbstractModule$4 -> com.google.inject.util.Modules$OverrideModule -> org.matsim.core.controler.AbstractModule$4 -> com.google.inject.util.Modules$OverrideModule -> org.matsim.core.controler.AbstractModule$4 -> com.google.inject.util.Modules$OverrideModule -> org.matsim.core.controler.AbstractModule$4 -> com.google.inject.util.Modules$OverrideModule -> org.matsim.core.controler.AbstractModule$4 -> com.google.inject.util.Modules$OverrideModule -> org.matsim.core.controler.AbstractModule$4 -> com.google.inject.util.Modules$OverrideModule -> org.matsim.core.controler.AbstractModule$4 -> com.google.inject.util.Modules$OverrideModule -> ch.ethz.idsc.amodeus.matsim.mod.AmodeusDispatcherModule -> com.google.inject.multibindings.MapBinder$RealMapBinder)
  while locating java.util.Map<java.lang.String, ch.ethz.matsim.av.dispatcher.AVDispatcher$AVDispatcherFactory>
    for the 1st parameter of ch.ethz.matsim.av.framework.AVQSimModule.provideDispatchers(AVQSimModule.java:70)
  at ch.ethz.matsim.av.framework.AVQSimModule.provideDispatchers(AVQSimModule.java:70) (via modules: org.matsim.core.mobsim.qsim.QSimProvider$1 -> ch.ethz.idsc.amodeus.matsim.mod.AmodeusQSimModule -> com.google.inject.util.Modules$OverrideModule -> ch.ethz.matsim.av.framework.AVQSimModule)
  while locating java.util.Map<org.matsim.api.core.v01.Id<ch.ethz.matsim.av.data.AVOperator>, ch.ethz.matsim.av.dispatcher.AVDispatcher>
    for field at ch.ethz.matsim.av.schedule.AVOptimizer.dispatchers(AVOptimizer.java:32)
  at ch.ethz.matsim.av.framework.AVQSimModule.configure(AVQSimModule.java:35) (via modules: org.matsim.core.mobsim.qsim.QSimProvider$1 -> ch.ethz.idsc.amodeus.matsim.mod.AmodeusQSimModule -> com.google.inject.util.Modules$OverrideModule -> ch.ethz.matsim.av.framework.AVQSimModule)
  while locating ch.ethz.matsim.av.schedule.AVOptimizer
    for the 3rd parameter of ch.ethz.matsim.av.framework.AVQSimModule.providePassengerEngine(AVQSimModule.java:48)
  at ch.ethz.matsim.av.framework.AVQSimModule.providePassengerEngine(AVQSimModule.java:48) (via modules: org.matsim.core.mobsim.qsim.QSimProvider$1 -> ch.ethz.idsc.amodeus.matsim.mod.AmodeusQSimModule -> com.google.inject.util.Modules$OverrideModule -> ch.ethz.matsim.av.framework.AVQSimModule)
  while locating org.matsim.contrib.dvrp.passenger.PassengerEngine
  while locating org.matsim.core.mobsim.qsim.QSimProvider
  while locating org.matsim.core.mobsim.framework.Mobsim

2 errors
	at com.google.inject.internal.InjectorImpl$2.get(InjectorImpl.java:1028)
	at org.matsim.core.controler.NewControler.runMobSim(NewControler.java:111)
	at org.matsim.core.controler.AbstractController$7.run(AbstractController.java:199)
	at org.matsim.core.controler.AbstractController.iterationStep(AbstractController.java:231)
	at org.matsim.core.controler.AbstractController.mobsim(AbstractController.java:195)
	at org.matsim.core.controler.AbstractController.iteration(AbstractController.java:154)
	at org.matsim.core.controler.AbstractController.doIterations(AbstractController.java:121)
	at org.matsim.core.controler.AbstractController.access$000(AbstractController.java:29)
	at org.matsim.core.controler.AbstractController$1.run(AbstractController.java:91)
	at org.matsim.core.controler.MatsimRuntimeModifications.run(MatsimRuntimeModifications.java:48)
	at org.matsim.core.controler.MatsimRuntimeModifications.run(MatsimRuntimeModifications.java:31)
	at org.matsim.core.controler.AbstractController.run(AbstractController.java:99)
	at org.matsim.core.controler.NewControler.run(NewControler.java:75)
	at org.matsim.core.controler.Controler.run(Controler.java:202)
	at ch.ethz.idsc.amodeus.matsim.StandardMATSimScenarioTest.testStandardMATSimScenario(StandardMATSimScenarioTest.java:263)
	at sun.reflect.NativeMethodAccessorImpl.invoke0(Native Method)
	at sun.reflect.NativeMethodAccessorImpl.invoke(NativeMethodAccessorImpl.java:62)
	at sun.reflect.DelegatingMethodAccessorImpl.invoke(DelegatingMethodAccessorImpl.java:43)
	at java.lang.reflect.Method.invoke(Method.java:498)
	at org.junit.runners.model.FrameworkMethod$1.runReflectiveCall(FrameworkMethod.java:50)
	at org.junit.internal.runners.model.ReflectiveCallable.run(ReflectiveCallable.java:12)
	at org.junit.runners.model.FrameworkMethod.invokeExplosively(FrameworkMethod.java:47)
	at org.junit.internal.runners.statements.InvokeMethod.evaluate(InvokeMethod.java:17)
	at org.junit.runners.ParentRunner.runLeaf(ParentRunner.java:325)
	at org.junit.runners.BlockJUnit4ClassRunner.runChild(BlockJUnit4ClassRunner.java:78)
	at org.junit.runners.BlockJUnit4ClassRunner.runChild(BlockJUnit4ClassRunner.java:57)
	at org.junit.runners.ParentRunner$3.run(ParentRunner.java:290)
	at org.junit.runners.ParentRunner$1.schedule(ParentRunner.java:71)
	at org.junit.runners.ParentRunner.runChildren(ParentRunner.java:288)
	at org.junit.runners.ParentRunner.access$000(ParentRunner.java:58)
	at org.junit.runners.ParentRunner$2.evaluate(ParentRunner.java:268)
	at org.junit.runners.ParentRunner.run(ParentRunner.java:363)
	at org.junit.runners.Suite.runChild(Suite.java:128)
	at org.junit.runners.Suite.runChild(Suite.java:27)
	at org.junit.runners.ParentRunner$3.run(ParentRunner.java:290)
	at org.junit.runners.ParentRunner$1.schedule(ParentRunner.java:71)
	at org.junit.runners.ParentRunner.runChildren(ParentRunner.java:288)
	at org.junit.runners.ParentRunner.access$000(ParentRunner.java:58)
	at org.junit.runners.ParentRunner$2.evaluate(ParentRunner.java:268)
	at org.junit.runners.ParentRunner.run(ParentRunner.java:363)
	at org.apache.maven.surefire.junit4.JUnit4Provider.execute(JUnit4Provider.java:252)
	at org.apache.maven.surefire.junit4.JUnit4Provider.executeTestSet(JUnit4Provider.java:141)
	at org.apache.maven.surefire.junit4.JUnit4Provider.invoke(JUnit4Provider.java:112)
	at sun.reflect.NativeMethodAccessorImpl.invoke0(Native Method)
	at sun.reflect.NativeMethodAccessorImpl.invoke(NativeMethodAccessorImpl.java:62)
	at sun.reflect.DelegatingMethodAccessorImpl.invoke(DelegatingMethodAccessorImpl.java:43)
	at java.lang.reflect.Method.invoke(Method.java:498)
	at org.apache.maven.surefire.util.ReflectionUtils.invokeMethodWithArray(ReflectionUtils.java:189)
	at org.apache.maven.surefire.booter.ProviderFactory$ProviderProxy.invoke(ProviderFactory.java:165)
	at org.apache.maven.surefire.booter.ProviderFactory.invokeProvider(ProviderFactory.java:85)
	at org.apache.maven.surefire.booter.ForkedBooter.runSuitesInProcess(ForkedBooter.java:115)
	at org.apache.maven.surefire.booter.ForkedBooter.main(ForkedBooter.java:75)
Caused by: java.lang.NoClassDefFoundError: Could not initialize class org.gnu.glpk.GLPKJNI
	at org.gnu.glpk.glp_smcp.<init>(glp_smcp.java:168)
	at ch.ethz.idsc.amodeus.dispatcher.util.LPVehicleRebalancing.<init>(LPVehicleRebalancing.java:31)
	at ch.ethz.idsc.amodeus.traveldata.TravelData.<init>(TravelData.java:150)
	at ch.ethz.idsc.amodeus.matsim.StandardMATSimScenarioTest$2.provideTravelData(StandardMATSimScenarioTest.java:217)
	at ch.ethz.idsc.amodeus.matsim.StandardMATSimScenarioTest$2$$FastClassByGuice$$18c5fb10.invoke(<generated>)
	at com.google.inject.internal.ProviderMethod$FastClassProviderMethod.doProvision(ProviderMethod.java:264)
	at com.google.inject.internal.ProviderMethod$Factory.provision(ProviderMethod.java:401)
	at com.google.inject.internal.ProviderMethod$Factory.get(ProviderMethod.java:376)
	at com.google.inject.internal.ProviderToInternalFactoryAdapter$1.call(ProviderToInternalFactoryAdapter.java:46)
	at com.google.inject.internal.InjectorImpl.callInContext(InjectorImpl.java:1092)
	at com.google.inject.internal.ProviderToInternalFactoryAdapter.get(ProviderToInternalFactoryAdapter.java:40)
	at com.google.inject.internal.SingletonScope$1.get(SingletonScope.java:194)
	at com.google.inject.internal.InternalFactoryToProviderAdapter.get(InternalFactoryToProviderAdapter.java:41)
	at com.google.inject.internal.SingleFieldInjector.inject(SingleFieldInjector.java:54)
	at com.google.inject.internal.MembersInjectorImpl.injectMembers(MembersInjectorImpl.java:132)
	at com.google.inject.internal.ConstructorInjector.provision(ConstructorInjector.java:120)
	at com.google.inject.internal.ConstructorInjector.construct(ConstructorInjector.java:90)
	at com.google.inject.internal.ConstructorBindingImpl$Factory.get(ConstructorBindingImpl.java:268)
	at com.google.inject.internal.FactoryProxy.get(FactoryProxy.java:56)
	at com.google.inject.internal.InjectorImpl$2$1.call(InjectorImpl.java:1019)
	at com.google.inject.internal.InjectorImpl.callInContext(InjectorImpl.java:1092)
	at com.google.inject.internal.InjectorImpl$2.get(InjectorImpl.java:1015)
	at com.google.inject.spi.ProviderLookup$1.get(ProviderLookup.java:104)
	at com.google.inject.spi.ProviderLookup$1.get(ProviderLookup.java:104)
	at com.google.inject.spi.ProviderLookup$1.get(ProviderLookup.java:104)
	at com.google.inject.spi.ProviderLookup$1.get(ProviderLookup.java:104)
	at com.google.inject.spi.ProviderLookup$1.get(ProviderLookup.java:104)
	at com.google.inject.spi.ProviderLookup$1.get(ProviderLookup.java:104)
	at com.google.inject.spi.ProviderLookup$1.get(ProviderLookup.java:104)
	at com.google.inject.spi.ProviderLookup$1.get(ProviderLookup.java:104)
	at com.google.inject.multibindings.MapBinder$RealMapBinder$ValueProvider.get(MapBinder.java:821)
	at com.google.inject.multibindings.MapBinder$RealMapBinder$RealMapProvider.get(MapBinder.java:605)
	at com.google.inject.multibindings.MapBinder$RealMapBinder$RealMapProvider.get(MapBinder.java:586)
	at com.google.inject.internal.ProviderInternalFactory.provision(ProviderInternalFactory.java:81)
	at com.google.inject.internal.InternalFactoryToInitializableAdapter.provision(InternalFactoryToInitializableAdapter.java:53)
	at com.google.inject.internal.ProviderInternalFactory.circularGet(ProviderInternalFactory.java:61)
	at com.google.inject.internal.InternalFactoryToInitializableAdapter.get(InternalFactoryToInitializableAdapter.java:45)
	at com.google.inject.internal.SingleParameterInjector.inject(SingleParameterInjector.java:38)
	at com.google.inject.internal.SingleParameterInjector.getAll(SingleParameterInjector.java:62)
	at com.google.inject.internal.ProviderMethod$Factory.provision(ProviderMethod.java:402)
	at com.google.inject.internal.ProviderMethod$Factory.get(ProviderMethod.java:376)
	at com.google.inject.internal.ProviderToInternalFactoryAdapter$1.call(ProviderToInternalFactoryAdapter.java:46)
	at com.google.inject.internal.InjectorImpl.callInContext(InjectorImpl.java:1092)
	at com.google.inject.internal.ProviderToInternalFactoryAdapter.get(ProviderToInternalFactoryAdapter.java:40)
	at com.google.inject.internal.SingletonScope$1.get(SingletonScope.java:194)
	at com.google.inject.internal.InternalFactoryToProviderAdapter.get(InternalFactoryToProviderAdapter.java:41)
	at com.google.inject.internal.SingleFieldInjector.inject(SingleFieldInjector.java:54)
	at com.google.inject.internal.MembersInjectorImpl.injectMembers(MembersInjectorImpl.java:132)
	at com.google.inject.internal.ConstructorInjector.provision(ConstructorInjector.java:120)
	at com.google.inject.internal.ConstructorInjector.construct(ConstructorInjector.java:90)
	at com.google.inject.internal.ConstructorBindingImpl$Factory.get(ConstructorBindingImpl.java:268)
	at com.google.inject.internal.ProviderToInternalFactoryAdapter$1.call(ProviderToInternalFactoryAdapter.java:46)
	at com.google.inject.internal.InjectorImpl.callInContext(InjectorImpl.java:1092)
	at com.google.inject.internal.ProviderToInternalFactoryAdapter.get(ProviderToInternalFactoryAdapter.java:40)
	at com.google.inject.internal.SingletonScope$1.get(SingletonScope.java:194)
	at com.google.inject.internal.InternalFactoryToProviderAdapter.get(InternalFactoryToProviderAdapter.java:41)
	at com.google.inject.internal.SingleParameterInjector.inject(SingleParameterInjector.java:38)
	at com.google.inject.internal.SingleParameterInjector.getAll(SingleParameterInjector.java:62)
	at com.google.inject.internal.ProviderMethod$Factory.provision(ProviderMethod.java:402)
	at com.google.inject.internal.ProviderMethod$Factory.get(ProviderMethod.java:376)
	at com.google.inject.internal.ProviderToInternalFactoryAdapter$1.call(ProviderToInternalFactoryAdapter.java:46)
	at com.google.inject.internal.InjectorImpl.callInContext(InjectorImpl.java:1092)
	at com.google.inject.internal.ProviderToInternalFactoryAdapter.get(ProviderToInternalFactoryAdapter.java:40)
	at com.google.inject.internal.SingletonScope$1.get(SingletonScope.java:194)
	at com.google.inject.internal.InternalFactoryToProviderAdapter.get(InternalFactoryToProviderAdapter.java:41)
	at com.google.inject.internal.InjectorImpl$2$1.call(InjectorImpl.java:1019)
	at com.google.inject.internal.InjectorImpl.callInContext(InjectorImpl.java:1092)
	at com.google.inject.internal.InjectorImpl$2.get(InjectorImpl.java:1015)
	at com.google.inject.internal.InjectorImpl.getInstance(InjectorImpl.java:1054)
	at org.matsim.core.mobsim.qsim.QSimProvider.get(QSimProvider.java:75)
	at org.matsim.core.mobsim.qsim.QSimProvider.get(QSimProvider.java:41)
	at com.google.inject.internal.ProviderInternalFactory.provision(ProviderInternalFactory.java:81)
	at com.google.inject.internal.BoundProviderFactory.provision(BoundProviderFactory.java:72)
	at com.google.inject.internal.ProviderInternalFactory.circularGet(ProviderInternalFactory.java:61)
	at com.google.inject.internal.BoundProviderFactory.get(BoundProviderFactory.java:62)
	at com.google.inject.internal.InjectorImpl$2$1.call(InjectorImpl.java:1019)
	at com.google.inject.internal.InjectorImpl.callInContext(InjectorImpl.java:1085)
	at com.google.inject.internal.InjectorImpl$2.get(InjectorImpl.java:1015)
	... 51 more
2018-06-01 06:11:30,512 ERROR MatsimRuntimeModifications:54 Getting uncaught Exception in Thread main
com.google.inject.ProvisionException: Unable to provision, see the following errors:

1) Error in custom provider, java.lang.NoClassDefFoundError: Could not initialize class org.gnu.glpk.GLPKJNI
  at ch.ethz.idsc.amodeus.matsim.StandardMATSimScenarioTest$2.provideTravelData(StandardMATSimScenarioTest.java:217) (via modules: com.google.inject.util.Modules$CombinedModule -> com.google.inject.util.Modules$CombinedModule -> org.matsim.core.controler.AbstractModule$4 -> com.google.inject.util.Modules$OverrideModule -> org.matsim.core.controler.AbstractModule$4 -> com.google.inject.util.Modules$OverrideModule -> org.matsim.core.controler.AbstractModule$4 -> com.google.inject.util.Modules$OverrideModule -> org.matsim.core.controler.AbstractModule$4 -> com.google.inject.util.Modules$OverrideModule -> org.matsim.core.controler.AbstractModule$4 -> com.google.inject.util.Modules$OverrideModule -> ch.ethz.idsc.amodeus.matsim.StandardMATSimScenarioTest$2)
  at ch.ethz.idsc.amodeus.matsim.StandardMATSimScenarioTest$2.provideTravelData(StandardMATSimScenarioTest.java:217) (via modules: com.google.inject.util.Modules$CombinedModule -> com.google.inject.util.Modules$CombinedModule -> org.matsim.core.controler.AbstractModule$4 -> com.google.inject.util.Modules$OverrideModule -> org.matsim.core.controler.AbstractModule$4 -> com.google.inject.util.Modules$OverrideModule -> org.matsim.core.controler.AbstractModule$4 -> com.google.inject.util.Modules$OverrideModule -> org.matsim.core.controler.AbstractModule$4 -> com.google.inject.util.Modules$OverrideModule -> org.matsim.core.controler.AbstractModule$4 -> com.google.inject.util.Modules$OverrideModule -> ch.ethz.idsc.amodeus.matsim.StandardMATSimScenarioTest$2)
  while locating ch.ethz.idsc.amodeus.traveldata.TravelData
    for field at ch.ethz.idsc.amodeus.dispatcher.FeedforwardFluidicRebalancingPolicy$Factory.travelData(FeedforwardFluidicRebalancingPolicy.java:162)
  while locating ch.ethz.idsc.amodeus.dispatcher.FeedforwardFluidicRebalancingPolicy$Factory
  while locating ch.ethz.matsim.av.dispatcher.AVDispatcher$AVDispatcherFactory annotated with @com.google.inject.multibindings.Element(setName=,uniqueId=630, type=MAPBINDER, keyType=java.lang.String)
  at ch.ethz.matsim.av.framework.AVUtils.bindDispatcherFactory(AVUtils.java:11) (via modules: com.google.inject.util.Modules$CombinedModule -> com.google.inject.util.Modules$CombinedModule -> org.matsim.core.controler.AbstractModule$4 -> com.google.inject.util.Modules$OverrideModule -> org.matsim.core.controler.AbstractModule$4 -> com.google.inject.util.Modules$OverrideModule -> org.matsim.core.controler.AbstractModule$4 -> com.google.inject.util.Modules$OverrideModule -> org.matsim.core.controler.AbstractModule$4 -> com.google.inject.util.Modules$OverrideModule -> org.matsim.core.controler.AbstractModule$4 -> com.google.inject.util.Modules$OverrideModule -> org.matsim.core.controler.AbstractModule$4 -> com.google.inject.util.Modules$OverrideModule -> org.matsim.core.controler.AbstractModule$4 -> com.google.inject.util.Modules$OverrideModule -> ch.ethz.idsc.amodeus.matsim.mod.AmodeusDispatcherModule -> com.google.inject.multibindings.MapBinder$RealMapBinder)
  while locating java.util.Map<java.lang.String, ch.ethz.matsim.av.dispatcher.AVDispatcher$AVDispatcherFactory>
    for the 1st parameter of ch.ethz.matsim.av.framework.AVQSimModule.provideDispatchers(AVQSimModule.java:70)
  at ch.ethz.matsim.av.framework.AVQSimModule.provideDispatchers(AVQSimModule.java:70) (via modules: org.matsim.core.mobsim.qsim.QSimProvider$1 -> ch.ethz.idsc.amodeus.matsim.mod.AmodeusQSimModule -> com.google.inject.util.Modules$OverrideModule -> ch.ethz.matsim.av.framework.AVQSimModule)
  while locating java.util.Map<org.matsim.api.core.v01.Id<ch.ethz.matsim.av.data.AVOperator>, ch.ethz.matsim.av.dispatcher.AVDispatcher>
    for field at ch.ethz.matsim.av.passenger.AVRequestCreator.dispatchers(AVRequestCreator.java:21)
  at ch.ethz.matsim.av.framework.AVQSimModule.configure(AVQSimModule.java:37) (via modules: org.matsim.core.mobsim.qsim.QSimProvider$1 -> ch.ethz.idsc.amodeus.matsim.mod.AmodeusQSimModule -> com.google.inject.util.Modules$OverrideModule -> ch.ethz.matsim.av.framework.AVQSimModule)
  while locating ch.ethz.matsim.av.passenger.AVRequestCreator
    for the 2nd parameter of ch.ethz.matsim.av.framework.AVQSimModule.providePassengerEngine(AVQSimModule.java:48)
  at ch.ethz.matsim.av.framework.AVQSimModule.providePassengerEngine(AVQSimModule.java:48) (via modules: org.matsim.core.mobsim.qsim.QSimProvider$1 -> ch.ethz.idsc.amodeus.matsim.mod.AmodeusQSimModule -> com.google.inject.util.Modules$OverrideModule -> ch.ethz.matsim.av.framework.AVQSimModule)
  while locating org.matsim.contrib.dvrp.passenger.PassengerEngine
  while locating org.matsim.core.mobsim.qsim.QSimProvider
  while locating org.matsim.core.mobsim.framework.Mobsim

2) Error in custom provider, java.lang.NoClassDefFoundError: Could not initialize class org.gnu.glpk.GLPKJNI
  at ch.ethz.idsc.amodeus.matsim.StandardMATSimScenarioTest$2.provideTravelData(StandardMATSimScenarioTest.java:217) (via modules: com.google.inject.util.Modules$CombinedModule -> com.google.inject.util.Modules$CombinedModule -> org.matsim.core.controler.AbstractModule$4 -> com.google.inject.util.Modules$OverrideModule -> org.matsim.core.controler.AbstractModule$4 -> com.google.inject.util.Modules$OverrideModule -> org.matsim.core.controler.AbstractModule$4 -> com.google.inject.util.Modules$OverrideModule -> org.matsim.core.controler.AbstractModule$4 -> com.google.inject.util.Modules$OverrideModule -> org.matsim.core.controler.AbstractModule$4 -> com.google.inject.util.Modules$OverrideModule -> ch.ethz.idsc.amodeus.matsim.StandardMATSimScenarioTest$2)
  at ch.ethz.idsc.amodeus.matsim.StandardMATSimScenarioTest$2.provideTravelData(StandardMATSimScenarioTest.java:217) (via modules: com.google.inject.util.Modules$CombinedModule -> com.google.inject.util.Modules$CombinedModule -> org.matsim.core.controler.AbstractModule$4 -> com.google.inject.util.Modules$OverrideModule -> org.matsim.core.controler.AbstractModule$4 -> com.google.inject.util.Modules$OverrideModule -> org.matsim.core.controler.AbstractModule$4 -> com.google.inject.util.Modules$OverrideModule -> org.matsim.core.controler.AbstractModule$4 -> com.google.inject.util.Modules$OverrideModule -> org.matsim.core.controler.AbstractModule$4 -> com.google.inject.util.Modules$OverrideModule -> ch.ethz.idsc.amodeus.matsim.StandardMATSimScenarioTest$2)
  while locating ch.ethz.idsc.amodeus.traveldata.TravelData
    for field at ch.ethz.idsc.amodeus.dispatcher.FeedforwardFluidicRebalancingPolicy$Factory.travelData(FeedforwardFluidicRebalancingPolicy.java:162)
  while locating ch.ethz.idsc.amodeus.dispatcher.FeedforwardFluidicRebalancingPolicy$Factory
  while locating ch.ethz.matsim.av.dispatcher.AVDispatcher$AVDispatcherFactory annotated with @com.google.inject.multibindings.Element(setName=,uniqueId=630, type=MAPBINDER, keyType=java.lang.String)
  at ch.ethz.matsim.av.framework.AVUtils.bindDispatcherFactory(AVUtils.java:11) (via modules: com.google.inject.util.Modules$CombinedModule -> com.google.inject.util.Modules$CombinedModule -> org.matsim.core.controler.AbstractModule$4 -> com.google.inject.util.Modules$OverrideModule -> org.matsim.core.controler.AbstractModule$4 -> com.google.inject.util.Modules$OverrideModule -> org.matsim.core.controler.AbstractModule$4 -> com.google.inject.util.Modules$OverrideModule -> org.matsim.core.controler.AbstractModule$4 -> com.google.inject.util.Modules$OverrideModule -> org.matsim.core.controler.AbstractModule$4 -> com.google.inject.util.Modules$OverrideModule -> org.matsim.core.controler.AbstractModule$4 -> com.google.inject.util.Modules$OverrideModule -> org.matsim.core.controler.AbstractModule$4 -> com.google.inject.util.Modules$OverrideModule -> ch.ethz.idsc.amodeus.matsim.mod.AmodeusDispatcherModule -> com.google.inject.multibindings.MapBinder$RealMapBinder)
  while locating java.util.Map<java.lang.String, ch.ethz.matsim.av.dispatcher.AVDispatcher$AVDispatcherFactory>
    for the 1st parameter of ch.ethz.matsim.av.framework.AVQSimModule.provideDispatchers(AVQSimModule.java:70)
  at ch.ethz.matsim.av.framework.AVQSimModule.provideDispatchers(AVQSimModule.java:70) (via modules: org.matsim.core.mobsim.qsim.QSimProvider$1 -> ch.ethz.idsc.amodeus.matsim.mod.AmodeusQSimModule -> com.google.inject.util.Modules$OverrideModule -> ch.ethz.matsim.av.framework.AVQSimModule)
  while locating java.util.Map<org.matsim.api.core.v01.Id<ch.ethz.matsim.av.data.AVOperator>, ch.ethz.matsim.av.dispatcher.AVDispatcher>
    for field at ch.ethz.matsim.av.schedule.AVOptimizer.dispatchers(AVOptimizer.java:32)
  at ch.ethz.matsim.av.framework.AVQSimModule.configure(AVQSimModule.java:35) (via modules: org.matsim.core.mobsim.qsim.QSimProvider$1 -> ch.ethz.idsc.amodeus.matsim.mod.AmodeusQSimModule -> com.google.inject.util.Modules$OverrideModule -> ch.ethz.matsim.av.framework.AVQSimModule)
  while locating ch.ethz.matsim.av.schedule.AVOptimizer
    for the 3rd parameter of ch.ethz.matsim.av.framework.AVQSimModule.providePassengerEngine(AVQSimModule.java:48)
  at ch.ethz.matsim.av.framework.AVQSimModule.providePassengerEngine(AVQSimModule.java:48) (via modules: org.matsim.core.mobsim.qsim.QSimProvider$1 -> ch.ethz.idsc.amodeus.matsim.mod.AmodeusQSimModule -> com.google.inject.util.Modules$OverrideModule -> ch.ethz.matsim.av.framework.AVQSimModule)
  while locating org.matsim.contrib.dvrp.passenger.PassengerEngine
  while locating org.matsim.core.mobsim.qsim.QSimProvider
  while locating org.matsim.core.mobsim.framework.Mobsim

2 errors
	at com.google.inject.internal.InjectorImpl$2.get(InjectorImpl.java:1028)
	at org.matsim.core.controler.NewControler.runMobSim(NewControler.java:111)
	at org.matsim.core.controler.AbstractController$7.run(AbstractController.java:199)
	at org.matsim.core.controler.AbstractController.iterationStep(AbstractController.java:231)
	at org.matsim.core.controler.AbstractController.mobsim(AbstractController.java:195)
	at org.matsim.core.controler.AbstractController.iteration(AbstractController.java:154)
	at org.matsim.core.controler.AbstractController.doIterations(AbstractController.java:121)
	at org.matsim.core.controler.AbstractController.access$000(AbstractController.java:29)
	at org.matsim.core.controler.AbstractController$1.run(AbstractController.java:91)
	at org.matsim.core.controler.MatsimRuntimeModifications.run(MatsimRuntimeModifications.java:48)
	at org.matsim.core.controler.MatsimRuntimeModifications.run(MatsimRuntimeModifications.java:31)
	at org.matsim.core.controler.AbstractController.run(AbstractController.java:99)
	at org.matsim.core.controler.NewControler.run(NewControler.java:75)
	at org.matsim.core.controler.Controler.run(Controler.java:202)
	at ch.ethz.idsc.amodeus.matsim.StandardMATSimScenarioTest.testStandardMATSimScenario(StandardMATSimScenarioTest.java:263)
	at sun.reflect.NativeMethodAccessorImpl.invoke0(Native Method)
	at sun.reflect.NativeMethodAccessorImpl.invoke(NativeMethodAccessorImpl.java:62)
	at sun.reflect.DelegatingMethodAccessorImpl.invoke(DelegatingMethodAccessorImpl.java:43)
	at java.lang.reflect.Method.invoke(Method.java:498)
	at org.junit.runners.model.FrameworkMethod$1.runReflectiveCall(FrameworkMethod.java:50)
	at org.junit.internal.runners.model.ReflectiveCallable.run(ReflectiveCallable.java:12)
	at org.junit.runners.model.FrameworkMethod.invokeExplosively(FrameworkMethod.java:47)
	at org.junit.internal.runners.statements.InvokeMethod.evaluate(InvokeMethod.java:17)
	at org.junit.runners.ParentRunner.runLeaf(ParentRunner.java:325)
	at org.junit.runners.BlockJUnit4ClassRunner.runChild(BlockJUnit4ClassRunner.java:78)
	at org.junit.runners.BlockJUnit4ClassRunner.runChild(BlockJUnit4ClassRunner.java:57)
	at org.junit.runners.ParentRunner$3.run(ParentRunner.java:290)
	at org.junit.runners.ParentRunner$1.schedule(ParentRunner.java:71)
	at org.junit.runners.ParentRunner.runChildren(ParentRunner.java:288)
	at org.junit.runners.ParentRunner.access$000(ParentRunner.java:58)
	at org.junit.runners.ParentRunner$2.evaluate(ParentRunner.java:268)
	at org.junit.runners.ParentRunner.run(ParentRunner.java:363)
	at org.junit.runners.Suite.runChild(Suite.java:128)
	at org.junit.runners.Suite.runChild(Suite.java:27)
	at org.junit.runners.ParentRunner$3.run(ParentRunner.java:290)
	at org.junit.runners.ParentRunner$1.schedule(ParentRunner.java:71)
	at org.junit.runners.ParentRunner.runChildren(ParentRunner.java:288)
	at org.junit.runners.ParentRunner.access$000(ParentRunner.java:58)
	at org.junit.runners.ParentRunner$2.evaluate(ParentRunner.java:268)
	at org.junit.runners.ParentRunner.run(ParentRunner.java:363)
	at org.apache.maven.surefire.junit4.JUnit4Provider.execute(JUnit4Provider.java:252)
	at org.apache.maven.surefire.junit4.JUnit4Provider.executeTestSet(JUnit4Provider.java:141)
	at org.apache.maven.surefire.junit4.JUnit4Provider.invoke(JUnit4Provider.java:112)
	at sun.reflect.NativeMethodAccessorImpl.invoke0(Native Method)
	at sun.reflect.NativeMethodAccessorImpl.invoke(NativeMethodAccessorImpl.java:62)
	at sun.reflect.DelegatingMethodAccessorImpl.invoke(DelegatingMethodAccessorImpl.java:43)
	at java.lang.reflect.Method.invoke(Method.java:498)
	at org.apache.maven.surefire.util.ReflectionUtils.invokeMethodWithArray(ReflectionUtils.java:189)
	at org.apache.maven.surefire.booter.ProviderFactory$ProviderProxy.invoke(ProviderFactory.java:165)
	at org.apache.maven.surefire.booter.ProviderFactory.invokeProvider(ProviderFactory.java:85)
	at org.apache.maven.surefire.booter.ForkedBooter.runSuitesInProcess(ForkedBooter.java:115)
	at org.apache.maven.surefire.booter.ForkedBooter.main(ForkedBooter.java:75)
Caused by: java.lang.NoClassDefFoundError: Could not initialize class org.gnu.glpk.GLPKJNI
	at org.gnu.glpk.glp_smcp.<init>(glp_smcp.java:168)
	at ch.ethz.idsc.amodeus.dispatcher.util.LPVehicleRebalancing.<init>(LPVehicleRebalancing.java:31)
	at ch.ethz.idsc.amodeus.traveldata.TravelData.<init>(TravelData.java:150)
	at ch.ethz.idsc.amodeus.matsim.StandardMATSimScenarioTest$2.provideTravelData(StandardMATSimScenarioTest.java:217)
	at ch.ethz.idsc.amodeus.matsim.StandardMATSimScenarioTest$2$$FastClassByGuice$$18c5fb10.invoke(<generated>)
	at com.google.inject.internal.ProviderMethod$FastClassProviderMethod.doProvision(ProviderMethod.java:264)
	at com.google.inject.internal.ProviderMethod$Factory.provision(ProviderMethod.java:401)
	at com.google.inject.internal.ProviderMethod$Factory.get(ProviderMethod.java:376)
	at com.google.inject.internal.ProviderToInternalFactoryAdapter$1.call(ProviderToInternalFactoryAdapter.java:46)
	at com.google.inject.internal.InjectorImpl.callInContext(InjectorImpl.java:1092)
	at com.google.inject.internal.ProviderToInternalFactoryAdapter.get(ProviderToInternalFactoryAdapter.java:40)
	at com.google.inject.internal.SingletonScope$1.get(SingletonScope.java:194)
	at com.google.inject.internal.InternalFactoryToProviderAdapter.get(InternalFactoryToProviderAdapter.java:41)
	at com.google.inject.internal.SingleFieldInjector.inject(SingleFieldInjector.java:54)
	at com.google.inject.internal.MembersInjectorImpl.injectMembers(MembersInjectorImpl.java:132)
	at com.google.inject.internal.ConstructorInjector.provision(ConstructorInjector.java:120)
	at com.google.inject.internal.ConstructorInjector.construct(ConstructorInjector.java:90)
	at com.google.inject.internal.ConstructorBindingImpl$Factory.get(ConstructorBindingImpl.java:268)
	at com.google.inject.internal.FactoryProxy.get(FactoryProxy.java:56)
	at com.google.inject.internal.InjectorImpl$2$1.call(InjectorImpl.java:1019)
	at com.google.inject.internal.InjectorImpl.callInContext(InjectorImpl.java:1092)
	at com.google.inject.internal.InjectorImpl$2.get(InjectorImpl.java:1015)
	at com.google.inject.spi.ProviderLookup$1.get(ProviderLookup.java:104)
	at com.google.inject.spi.ProviderLookup$1.get(ProviderLookup.java:104)
	at com.google.inject.spi.ProviderLookup$1.get(ProviderLookup.java:104)
	at com.google.inject.spi.ProviderLookup$1.get(ProviderLookup.java:104)
	at com.google.inject.spi.ProviderLookup$1.get(ProviderLookup.java:104)
	at com.google.inject.spi.ProviderLookup$1.get(ProviderLookup.java:104)
	at com.google.inject.spi.ProviderLookup$1.get(ProviderLookup.java:104)
	at com.google.inject.spi.ProviderLookup$1.get(ProviderLookup.java:104)
	at com.google.inject.multibindings.MapBinder$RealMapBinder$ValueProvider.get(MapBinder.java:821)
	at com.google.inject.multibindings.MapBinder$RealMapBinder$RealMapProvider.get(MapBinder.java:605)
	at com.google.inject.multibindings.MapBinder$RealMapBinder$RealMapProvider.get(MapBinder.java:586)
	at com.google.inject.internal.ProviderInternalFactory.provision(ProviderInternalFactory.java:81)
	at com.google.inject.internal.InternalFactoryToInitializableAdapter.provision(InternalFactoryToInitializableAdapter.java:53)
	at com.google.inject.internal.ProviderInternalFactory.circularGet(ProviderInternalFactory.java:61)
	at com.google.inject.internal.InternalFactoryToInitializableAdapter.get(InternalFactoryToInitializableAdapter.java:45)
	at com.google.inject.internal.SingleParameterInjector.inject(SingleParameterInjector.java:38)
	at com.google.inject.internal.SingleParameterInjector.getAll(SingleParameterInjector.java:62)
	at com.google.inject.internal.ProviderMethod$Factory.provision(ProviderMethod.java:402)
	at com.google.inject.internal.ProviderMethod$Factory.get(ProviderMethod.java:376)
	at com.google.inject.internal.ProviderToInternalFactoryAdapter$1.call(ProviderToInternalFactoryAdapter.java:46)
	at com.google.inject.internal.InjectorImpl.callInContext(InjectorImpl.java:1092)
	at com.google.inject.internal.ProviderToInternalFactoryAdapter.get(ProviderToInternalFactoryAdapter.java:40)
	at com.google.inject.internal.SingletonScope$1.get(SingletonScope.java:194)
	at com.google.inject.internal.InternalFactoryToProviderAdapter.get(InternalFactoryToProviderAdapter.java:41)
	at com.google.inject.internal.SingleFieldInjector.inject(SingleFieldInjector.java:54)
	at com.google.inject.internal.MembersInjectorImpl.injectMembers(MembersInjectorImpl.java:132)
	at com.google.inject.internal.ConstructorInjector.provision(ConstructorInjector.java:120)
	at com.google.inject.internal.ConstructorInjector.construct(ConstructorInjector.java:90)
	at com.google.inject.internal.ConstructorBindingImpl$Factory.get(ConstructorBindingImpl.java:268)
	at com.google.inject.internal.ProviderToInternalFactoryAdapter$1.call(ProviderToInternalFactoryAdapter.java:46)
	at com.google.inject.internal.InjectorImpl.callInContext(InjectorImpl.java:1092)
	at com.google.inject.internal.ProviderToInternalFactoryAdapter.get(ProviderToInternalFactoryAdapter.java:40)
	at com.google.inject.internal.SingletonScope$1.get(SingletonScope.java:194)
	at com.google.inject.internal.InternalFactoryToProviderAdapter.get(InternalFactoryToProviderAdapter.java:41)
	at com.google.inject.internal.SingleParameterInjector.inject(SingleParameterInjector.java:38)
	at com.google.inject.internal.SingleParameterInjector.getAll(SingleParameterInjector.java:62)
	at com.google.inject.internal.ProviderMethod$Factory.provision(ProviderMethod.java:402)
	at com.google.inject.internal.ProviderMethod$Factory.get(ProviderMethod.java:376)
	at com.google.inject.internal.ProviderToInternalFactoryAdapter$1.call(ProviderToInternalFactoryAdapter.java:46)
	at com.google.inject.internal.InjectorImpl.callInContext(InjectorImpl.java:1092)
	at com.google.inject.internal.ProviderToInternalFactoryAdapter.get(ProviderToInternalFactoryAdapter.java:40)
	at com.google.inject.internal.SingletonScope$1.get(SingletonScope.java:194)
	at com.google.inject.internal.InternalFactoryToProviderAdapter.get(InternalFactoryToProviderAdapter.java:41)
	at com.google.inject.internal.InjectorImpl$2$1.call(InjectorImpl.java:1019)
	at com.google.inject.internal.InjectorImpl.callInContext(InjectorImpl.java:1092)
	at com.google.inject.internal.InjectorImpl$2.get(InjectorImpl.java:1015)
	at com.google.inject.internal.InjectorImpl.getInstance(InjectorImpl.java:1054)
	at org.matsim.core.mobsim.qsim.QSimProvider.get(QSimProvider.java:75)
	at org.matsim.core.mobsim.qsim.QSimProvider.get(QSimProvider.java:41)
	at com.google.inject.internal.ProviderInternalFactory.provision(ProviderInternalFactory.java:81)
	at com.google.inject.internal.BoundProviderFactory.provision(BoundProviderFactory.java:72)
	at com.google.inject.internal.ProviderInternalFactory.circularGet(ProviderInternalFactory.java:61)
	at com.google.inject.internal.BoundProviderFactory.get(BoundProviderFactory.java:62)
	at com.google.inject.internal.InjectorImpl$2$1.call(InjectorImpl.java:1019)
	at com.google.inject.internal.InjectorImpl.callInContext(InjectorImpl.java:1085)
	at com.google.inject.internal.InjectorImpl$2.get(InjectorImpl.java:1015)
	... 51 more
2018-06-01 06:11:30,514 ERROR MatsimRuntimeModifications:60 ERROR --- This is an unexpected shutdown!
2018-06-01 06:11:30,515 ERROR MatsimRuntimeModifications:63 Shutdown possibly caused by the following Exception:
com.google.inject.ProvisionException: Unable to provision, see the following errors:

1) Error in custom provider, java.lang.NoClassDefFoundError: Could not initialize class org.gnu.glpk.GLPKJNI
  at ch.ethz.idsc.amodeus.matsim.StandardMATSimScenarioTest$2.provideTravelData(StandardMATSimScenarioTest.java:217) (via modules: com.google.inject.util.Modules$CombinedModule -> com.google.inject.util.Modules$CombinedModule -> org.matsim.core.controler.AbstractModule$4 -> com.google.inject.util.Modules$OverrideModule -> org.matsim.core.controler.AbstractModule$4 -> com.google.inject.util.Modules$OverrideModule -> org.matsim.core.controler.AbstractModule$4 -> com.google.inject.util.Modules$OverrideModule -> org.matsim.core.controler.AbstractModule$4 -> com.google.inject.util.Modules$OverrideModule -> org.matsim.core.controler.AbstractModule$4 -> com.google.inject.util.Modules$OverrideModule -> ch.ethz.idsc.amodeus.matsim.StandardMATSimScenarioTest$2)
  at ch.ethz.idsc.amodeus.matsim.StandardMATSimScenarioTest$2.provideTravelData(StandardMATSimScenarioTest.java:217) (via modules: com.google.inject.util.Modules$CombinedModule -> com.google.inject.util.Modules$CombinedModule -> org.matsim.core.controler.AbstractModule$4 -> com.google.inject.util.Modules$OverrideModule -> org.matsim.core.controler.AbstractModule$4 -> com.google.inject.util.Modules$OverrideModule -> org.matsim.core.controler.AbstractModule$4 -> com.google.inject.util.Modules$OverrideModule -> org.matsim.core.controler.AbstractModule$4 -> com.google.inject.util.Modules$OverrideModule -> org.matsim.core.controler.AbstractModule$4 -> com.google.inject.util.Modules$OverrideModule -> ch.ethz.idsc.amodeus.matsim.StandardMATSimScenarioTest$2)
  while locating ch.ethz.idsc.amodeus.traveldata.TravelData
    for field at ch.ethz.idsc.amodeus.dispatcher.FeedforwardFluidicRebalancingPolicy$Factory.travelData(FeedforwardFluidicRebalancingPolicy.java:162)
  while locating ch.ethz.idsc.amodeus.dispatcher.FeedforwardFluidicRebalancingPolicy$Factory
  while locating ch.ethz.matsim.av.dispatcher.AVDispatcher$AVDispatcherFactory annotated with @com.google.inject.multibindings.Element(setName=,uniqueId=630, type=MAPBINDER, keyType=java.lang.String)
  at ch.ethz.matsim.av.framework.AVUtils.bindDispatcherFactory(AVUtils.java:11) (via modules: com.google.inject.util.Modules$CombinedModule -> com.google.inject.util.Modules$CombinedModule -> org.matsim.core.controler.AbstractModule$4 -> com.google.inject.util.Modules$OverrideModule -> org.matsim.core.controler.AbstractModule$4 -> com.google.inject.util.Modules$OverrideModule -> org.matsim.core.controler.AbstractModule$4 -> com.google.inject.util.Modules$OverrideModule -> org.matsim.core.controler.AbstractModule$4 -> com.google.inject.util.Modules$OverrideModule -> org.matsim.core.controler.AbstractModule$4 -> com.google.inject.util.Modules$OverrideModule -> org.matsim.core.controler.AbstractModule$4 -> com.google.inject.util.Modules$OverrideModule -> org.matsim.core.controler.AbstractModule$4 -> com.google.inject.util.Modules$OverrideModule -> ch.ethz.idsc.amodeus.matsim.mod.AmodeusDispatcherModule -> com.google.inject.multibindings.MapBinder$RealMapBinder)
  while locating java.util.Map<java.lang.String, ch.ethz.matsim.av.dispatcher.AVDispatcher$AVDispatcherFactory>
    for the 1st parameter of ch.ethz.matsim.av.framework.AVQSimModule.provideDispatchers(AVQSimModule.java:70)
  at ch.ethz.matsim.av.framework.AVQSimModule.provideDispatchers(AVQSimModule.java:70) (via modules: org.matsim.core.mobsim.qsim.QSimProvider$1 -> ch.ethz.idsc.amodeus.matsim.mod.AmodeusQSimModule -> com.google.inject.util.Modules$OverrideModule -> ch.ethz.matsim.av.framework.AVQSimModule)
  while locating java.util.Map<org.matsim.api.core.v01.Id<ch.ethz.matsim.av.data.AVOperator>, ch.ethz.matsim.av.dispatcher.AVDispatcher>
    for field at ch.ethz.matsim.av.passenger.AVRequestCreator.dispatchers(AVRequestCreator.java:21)
  at ch.ethz.matsim.av.framework.AVQSimModule.configure(AVQSimModule.java:37) (via modules: org.matsim.core.mobsim.qsim.QSimProvider$1 -> ch.ethz.idsc.amodeus.matsim.mod.AmodeusQSimModule -> com.google.inject.util.Modules$OverrideModule -> ch.ethz.matsim.av.framework.AVQSimModule)
  while locating ch.ethz.matsim.av.passenger.AVRequestCreator
    for the 2nd parameter of ch.ethz.matsim.av.framework.AVQSimModule.providePassengerEngine(AVQSimModule.java:48)
  at ch.ethz.matsim.av.framework.AVQSimModule.providePassengerEngine(AVQSimModule.java:48) (via modules: org.matsim.core.mobsim.qsim.QSimProvider$1 -> ch.ethz.idsc.amodeus.matsim.mod.AmodeusQSimModule -> com.google.inject.util.Modules$OverrideModule -> ch.ethz.matsim.av.framework.AVQSimModule)
  while locating org.matsim.contrib.dvrp.passenger.PassengerEngine
  while locating org.matsim.core.mobsim.qsim.QSimProvider
  while locating org.matsim.core.mobsim.framework.Mobsim

2) Error in custom provider, java.lang.NoClassDefFoundError: Could not initialize class org.gnu.glpk.GLPKJNI
  at ch.ethz.idsc.amodeus.matsim.StandardMATSimScenarioTest$2.provideTravelData(StandardMATSimScenarioTest.java:217) (via modules: com.google.inject.util.Modules$CombinedModule -> com.google.inject.util.Modules$CombinedModule -> org.matsim.core.controler.AbstractModule$4 -> com.google.inject.util.Modules$OverrideModule -> org.matsim.core.controler.AbstractModule$4 -> com.google.inject.util.Modules$OverrideModule -> org.matsim.core.controler.AbstractModule$4 -> com.google.inject.util.Modules$OverrideModule -> org.matsim.core.controler.AbstractModule$4 -> com.google.inject.util.Modules$OverrideModule -> org.matsim.core.controler.AbstractModule$4 -> com.google.inject.util.Modules$OverrideModule -> ch.ethz.idsc.amodeus.matsim.StandardMATSimScenarioTest$2)
  at ch.ethz.idsc.amodeus.matsim.StandardMATSimScenarioTest$2.provideTravelData(StandardMATSimScenarioTest.java:217) (via modules: com.google.inject.util.Modules$CombinedModule -> com.google.inject.util.Modules$CombinedModule -> org.matsim.core.controler.AbstractModule$4 -> com.google.inject.util.Modules$OverrideModule -> org.matsim.core.controler.AbstractModule$4 -> com.google.inject.util.Modules$OverrideModule -> org.matsim.core.controler.AbstractModule$4 -> com.google.inject.util.Modules$OverrideModule -> org.matsim.core.controler.AbstractModule$4 -> com.google.inject.util.Modules$OverrideModule -> org.matsim.core.controler.AbstractModule$4 -> com.google.inject.util.Modules$OverrideModule -> ch.ethz.idsc.amodeus.matsim.StandardMATSimScenarioTest$2)
  while locating ch.ethz.idsc.amodeus.traveldata.TravelData
    for field at ch.ethz.idsc.amodeus.dispatcher.FeedforwardFluidicRebalancingPolicy$Factory.travelData(FeedforwardFluidicRebalancingPolicy.java:162)
  while locating ch.ethz.idsc.amodeus.dispatcher.FeedforwardFluidicRebalancingPolicy$Factory
  while locating ch.ethz.matsim.av.dispatcher.AVDispatcher$AVDispatcherFactory annotated with @com.google.inject.multibindings.Element(setName=,uniqueId=630, type=MAPBINDER, keyType=java.lang.String)
  at ch.ethz.matsim.av.framework.AVUtils.bindDispatcherFactory(AVUtils.java:11) (via modules: com.google.inject.util.Modules$CombinedModule -> com.google.inject.util.Modules$CombinedModule -> org.matsim.core.controler.AbstractModule$4 -> com.google.inject.util.Modules$OverrideModule -> org.matsim.core.controler.AbstractModule$4 -> com.google.inject.util.Modules$OverrideModule -> org.matsim.core.controler.AbstractModule$4 -> com.google.inject.util.Modules$OverrideModule -> org.matsim.core.controler.AbstractModule$4 -> com.google.inject.util.Modules$OverrideModule -> org.matsim.core.controler.AbstractModule$4 -> com.google.inject.util.Modules$OverrideModule -> org.matsim.core.controler.AbstractModule$4 -> com.google.inject.util.Modules$OverrideModule -> org.matsim.core.controler.AbstractModule$4 -> com.google.inject.util.Modules$OverrideModule -> ch.ethz.idsc.amodeus.matsim.mod.AmodeusDispatcherModule -> com.google.inject.multibindings.MapBinder$RealMapBinder)
  while locating java.util.Map<java.lang.String, ch.ethz.matsim.av.dispatcher.AVDispatcher$AVDispatcherFactory>
    for the 1st parameter of ch.ethz.matsim.av.framework.AVQSimModule.provideDispatchers(AVQSimModule.java:70)
  at ch.ethz.matsim.av.framework.AVQSimModule.provideDispatchers(AVQSimModule.java:70) (via modules: org.matsim.core.mobsim.qsim.QSimProvider$1 -> ch.ethz.idsc.amodeus.matsim.mod.AmodeusQSimModule -> com.google.inject.util.Modules$OverrideModule -> ch.ethz.matsim.av.framework.AVQSimModule)
  while locating java.util.Map<org.matsim.api.core.v01.Id<ch.ethz.matsim.av.data.AVOperator>, ch.ethz.matsim.av.dispatcher.AVDispatcher>
    for field at ch.ethz.matsim.av.schedule.AVOptimizer.dispatchers(AVOptimizer.java:32)
  at ch.ethz.matsim.av.framework.AVQSimModule.configure(AVQSimModule.java:35) (via modules: org.matsim.core.mobsim.qsim.QSimProvider$1 -> ch.ethz.idsc.amodeus.matsim.mod.AmodeusQSimModule -> com.google.inject.util.Modules$OverrideModule -> ch.ethz.matsim.av.framework.AVQSimModule)
  while locating ch.ethz.matsim.av.schedule.AVOptimizer
    for the 3rd parameter of ch.ethz.matsim.av.framework.AVQSimModule.providePassengerEngine(AVQSimModule.java:48)
  at ch.ethz.matsim.av.framework.AVQSimModule.providePassengerEngine(AVQSimModule.java:48) (via modules: org.matsim.core.mobsim.qsim.QSimProvider$1 -> ch.ethz.idsc.amodeus.matsim.mod.AmodeusQSimModule -> com.google.inject.util.Modules$OverrideModule -> ch.ethz.matsim.av.framework.AVQSimModule)
  while locating org.matsim.contrib.dvrp.passenger.PassengerEngine
  while locating org.matsim.core.mobsim.qsim.QSimProvider
  while locating org.matsim.core.mobsim.framework.Mobsim

2 errors
	at com.google.inject.internal.InjectorImpl$2.get(InjectorImpl.java:1028)
	at org.matsim.core.controler.NewControler.runMobSim(NewControler.java:111)
	at org.matsim.core.controler.AbstractController$7.run(AbstractController.java:199)
	at org.matsim.core.controler.AbstractController.iterationStep(AbstractController.java:231)
	at org.matsim.core.controler.AbstractController.mobsim(AbstractController.java:195)
	at org.matsim.core.controler.AbstractController.iteration(AbstractController.java:154)
	at org.matsim.core.controler.AbstractController.doIterations(AbstractController.java:121)
	at org.matsim.core.controler.AbstractController.access$000(AbstractController.java:29)
	at org.matsim.core.controler.AbstractController$1.run(AbstractController.java:91)
	at org.matsim.core.controler.MatsimRuntimeModifications.run(MatsimRuntimeModifications.java:48)
	at org.matsim.core.controler.MatsimRuntimeModifications.run(MatsimRuntimeModifications.java:31)
	at org.matsim.core.controler.AbstractController.run(AbstractController.java:99)
	at org.matsim.core.controler.NewControler.run(NewControler.java:75)
	at org.matsim.core.controler.Controler.run(Controler.java:202)
	at ch.ethz.idsc.amodeus.matsim.StandardMATSimScenarioTest.testStandardMATSimScenario(StandardMATSimScenarioTest.java:263)
	at sun.reflect.NativeMethodAccessorImpl.invoke0(Native Method)
	at sun.reflect.NativeMethodAccessorImpl.invoke(NativeMethodAccessorImpl.java:62)
	at sun.reflect.DelegatingMethodAccessorImpl.invoke(DelegatingMethodAccessorImpl.java:43)
	at java.lang.reflect.Method.invoke(Method.java:498)
	at org.junit.runners.model.FrameworkMethod$1.runReflectiveCall(FrameworkMethod.java:50)
	at org.junit.internal.runners.model.ReflectiveCallable.run(ReflectiveCallable.java:12)
	at org.junit.runners.model.FrameworkMethod.invokeExplosively(FrameworkMethod.java:47)
	at org.junit.internal.runners.statements.InvokeMethod.evaluate(InvokeMethod.java:17)
	at org.junit.runners.ParentRunner.runLeaf(ParentRunner.java:325)
	at org.junit.runners.BlockJUnit4ClassRunner.runChild(BlockJUnit4ClassRunner.java:78)
	at org.junit.runners.BlockJUnit4ClassRunner.runChild(BlockJUnit4ClassRunner.java:57)
	at org.junit.runners.ParentRunner$3.run(ParentRunner.java:290)
	at org.junit.runners.ParentRunner$1.schedule(ParentRunner.java:71)
	at org.junit.runners.ParentRunner.runChildren(ParentRunner.java:288)
	at org.junit.runners.ParentRunner.access$000(ParentRunner.java:58)
	at org.junit.runners.ParentRunner$2.evaluate(ParentRunner.java:268)
	at org.junit.runners.ParentRunner.run(ParentRunner.java:363)
	at org.junit.runners.Suite.runChild(Suite.java:128)
	at org.junit.runners.Suite.runChild(Suite.java:27)
	at org.junit.runners.ParentRunner$3.run(ParentRunner.java:290)
	at org.junit.runners.ParentRunner$1.schedule(ParentRunner.java:71)
	at org.junit.runners.ParentRunner.runChildren(ParentRunner.java:288)
	at org.junit.runners.ParentRunner.access$000(ParentRunner.java:58)
	at org.junit.runners.ParentRunner$2.evaluate(ParentRunner.java:268)
	at org.junit.runners.ParentRunner.run(ParentRunner.java:363)
	at org.apache.maven.surefire.junit4.JUnit4Provider.execute(JUnit4Provider.java:252)
	at org.apache.maven.surefire.junit4.JUnit4Provider.executeTestSet(JUnit4Provider.java:141)
	at org.apache.maven.surefire.junit4.JUnit4Provider.invoke(JUnit4Provider.java:112)
	at sun.reflect.NativeMethodAccessorImpl.invoke0(Native Method)
	at sun.reflect.NativeMethodAccessorImpl.invoke(NativeMethodAccessorImpl.java:62)
	at sun.reflect.DelegatingMethodAccessorImpl.invoke(DelegatingMethodAccessorImpl.java:43)
	at java.lang.reflect.Method.invoke(Method.java:498)
	at org.apache.maven.surefire.util.ReflectionUtils.invokeMethodWithArray(ReflectionUtils.java:189)
	at org.apache.maven.surefire.booter.ProviderFactory$ProviderProxy.invoke(ProviderFactory.java:165)
	at org.apache.maven.surefire.booter.ProviderFactory.invokeProvider(ProviderFactory.java:85)
	at org.apache.maven.surefire.booter.ForkedBooter.runSuitesInProcess(ForkedBooter.java:115)
	at org.apache.maven.surefire.booter.ForkedBooter.main(ForkedBooter.java:75)
Caused by: java.lang.NoClassDefFoundError: Could not initialize class org.gnu.glpk.GLPKJNI
	at org.gnu.glpk.glp_smcp.<init>(glp_smcp.java:168)
	at ch.ethz.idsc.amodeus.dispatcher.util.LPVehicleRebalancing.<init>(LPVehicleRebalancing.java:31)
	at ch.ethz.idsc.amodeus.traveldata.TravelData.<init>(TravelData.java:150)
	at ch.ethz.idsc.amodeus.matsim.StandardMATSimScenarioTest$2.provideTravelData(StandardMATSimScenarioTest.java:217)
	at ch.ethz.idsc.amodeus.matsim.StandardMATSimScenarioTest$2$$FastClassByGuice$$18c5fb10.invoke(<generated>)
	at com.google.inject.internal.ProviderMethod$FastClassProviderMethod.doProvision(ProviderMethod.java:264)
	at com.google.inject.internal.ProviderMethod$Factory.provision(ProviderMethod.java:401)
	at com.google.inject.internal.ProviderMethod$Factory.get(ProviderMethod.java:376)
	at com.google.inject.internal.ProviderToInternalFactoryAdapter$1.call(ProviderToInternalFactoryAdapter.java:46)
	at com.google.inject.internal.InjectorImpl.callInContext(InjectorImpl.java:1092)
	at com.google.inject.internal.ProviderToInternalFactoryAdapter.get(ProviderToInternalFactoryAdapter.java:40)
	at com.google.inject.internal.SingletonScope$1.get(SingletonScope.java:194)
	at com.google.inject.internal.InternalFactoryToProviderAdapter.get(InternalFactoryToProviderAdapter.java:41)
	at com.google.inject.internal.SingleFieldInjector.inject(SingleFieldInjector.java:54)
	at com.google.inject.internal.MembersInjectorImpl.injectMembers(MembersInjectorImpl.java:132)
	at com.google.inject.internal.ConstructorInjector.provision(ConstructorInjector.java:120)
	at com.google.inject.internal.ConstructorInjector.construct(ConstructorInjector.java:90)
	at com.google.inject.internal.ConstructorBindingImpl$Factory.get(ConstructorBindingImpl.java:268)
	at com.google.inject.internal.FactoryProxy.get(FactoryProxy.java:56)
	at com.google.inject.internal.InjectorImpl$2$1.call(InjectorImpl.java:1019)
	at com.google.inject.internal.InjectorImpl.callInContext(InjectorImpl.java:1092)
	at com.google.inject.internal.InjectorImpl$2.get(InjectorImpl.java:1015)
	at com.google.inject.spi.ProviderLookup$1.get(ProviderLookup.java:104)
	at com.google.inject.spi.ProviderLookup$1.get(ProviderLookup.java:104)
	at com.google.inject.spi.ProviderLookup$1.get(ProviderLookup.java:104)
	at com.google.inject.spi.ProviderLookup$1.get(ProviderLookup.java:104)
	at com.google.inject.spi.ProviderLookup$1.get(ProviderLookup.java:104)
	at com.google.inject.spi.ProviderLookup$1.get(ProviderLookup.java:104)
	at com.google.inject.spi.ProviderLookup$1.get(ProviderLookup.java:104)
	at com.google.inject.spi.ProviderLookup$1.get(ProviderLookup.java:104)
	at com.google.inject.multibindings.MapBinder$RealMapBinder$ValueProvider.get(MapBinder.java:821)
	at com.google.inject.multibindings.MapBinder$RealMapBinder$RealMapProvider.get(MapBinder.java:605)
	at com.google.inject.multibindings.MapBinder$RealMapBinder$RealMapProvider.get(MapBinder.java:586)
	at com.google.inject.internal.ProviderInternalFactory.provision(ProviderInternalFactory.java:81)
	at com.google.inject.internal.InternalFactoryToInitializableAdapter.provision(InternalFactoryToInitializableAdapter.java:53)
	at com.google.inject.internal.ProviderInternalFactory.circularGet(ProviderInternalFactory.java:61)
	at com.google.inject.internal.InternalFactoryToInitializableAdapter.get(InternalFactoryToInitializableAdapter.java:45)
	at com.google.inject.internal.SingleParameterInjector.inject(SingleParameterInjector.java:38)
	at com.google.inject.internal.SingleParameterInjector.getAll(SingleParameterInjector.java:62)
	at com.google.inject.internal.ProviderMethod$Factory.provision(ProviderMethod.java:402)
	at com.google.inject.internal.ProviderMethod$Factory.get(ProviderMethod.java:376)
	at com.google.inject.internal.ProviderToInternalFactoryAdapter$1.call(ProviderToInternalFactoryAdapter.java:46)
	at com.google.inject.internal.InjectorImpl.callInContext(InjectorImpl.java:1092)
	at com.google.inject.internal.ProviderToInternalFactoryAdapter.get(ProviderToInternalFactoryAdapter.java:40)
	at com.google.inject.internal.SingletonScope$1.get(SingletonScope.java:194)
	at com.google.inject.internal.InternalFactoryToProviderAdapter.get(InternalFactoryToProviderAdapter.java:41)
	at com.google.inject.internal.SingleFieldInjector.inject(SingleFieldInjector.java:54)
	at com.google.inject.internal.MembersInjectorImpl.injectMembers(MembersInjectorImpl.java:132)
	at com.google.inject.internal.ConstructorInjector.provision(ConstructorInjector.java:120)
	at com.google.inject.internal.ConstructorInjector.construct(ConstructorInjector.java:90)
	at com.google.inject.internal.ConstructorBindingImpl$Factory.get(ConstructorBindingImpl.java:268)
	at com.google.inject.internal.ProviderToInternalFactoryAdapter$1.call(ProviderToInternalFactoryAdapter.java:46)
	at com.google.inject.internal.InjectorImpl.callInContext(InjectorImpl.java:1092)
	at com.google.inject.internal.ProviderToInternalFactoryAdapter.get(ProviderToInternalFactoryAdapter.java:40)
	at com.google.inject.internal.SingletonScope$1.get(SingletonScope.java:194)
	at com.google.inject.internal.InternalFactoryToProviderAdapter.get(InternalFactoryToProviderAdapter.java:41)
	at com.google.inject.internal.SingleParameterInjector.inject(SingleParameterInjector.java:38)
	at com.google.inject.internal.SingleParameterInjector.getAll(SingleParameterInjector.java:62)
	at com.google.inject.internal.ProviderMethod$Factory.provision(ProviderMethod.java:402)
	at com.google.inject.internal.ProviderMethod$Factory.get(ProviderMethod.java:376)
	at com.google.inject.internal.ProviderToInternalFactoryAdapter$1.call(ProviderToInternalFactoryAdapter.java:46)
	at com.google.inject.internal.InjectorImpl.callInContext(InjectorImpl.java:1092)
	at com.google.inject.internal.ProviderToInternalFactoryAdapter.get(ProviderToInternalFactoryAdapter.java:40)
	at com.google.inject.internal.SingletonScope$1.get(SingletonScope.java:194)
	at com.google.inject.internal.InternalFactoryToProviderAdapter.get(InternalFactoryToProviderAdapter.java:41)
	at com.google.inject.internal.InjectorImpl$2$1.call(InjectorImpl.java:1019)
	at com.google.inject.internal.InjectorImpl.callInContext(InjectorImpl.java:1092)
	at com.google.inject.internal.InjectorImpl$2.get(InjectorImpl.java:1015)
	at com.google.inject.internal.InjectorImpl.getInstance(InjectorImpl.java:1054)
	at org.matsim.core.mobsim.qsim.QSimProvider.get(QSimProvider.java:75)
	at org.matsim.core.mobsim.qsim.QSimProvider.get(QSimProvider.java:41)
	at com.google.inject.internal.ProviderInternalFactory.provision(ProviderInternalFactory.java:81)
	at com.google.inject.internal.BoundProviderFactory.provision(BoundProviderFactory.java:72)
	at com.google.inject.internal.ProviderInternalFactory.circularGet(ProviderInternalFactory.java:61)
	at com.google.inject.internal.BoundProviderFactory.get(BoundProviderFactory.java:62)
	at com.google.inject.internal.InjectorImpl$2$1.call(InjectorImpl.java:1019)
	at com.google.inject.internal.InjectorImpl.callInContext(InjectorImpl.java:1085)
	at com.google.inject.internal.InjectorImpl$2.get(InjectorImpl.java:1015)
	... 51 more
2018-06-01 06:11:30,518 ERROR MatsimRuntimeModifications:78 ERROR --- MATSim unexpectedly terminated. Please check the output or the logfile with warnings and errors for hints.
2018-06-01 06:11:30,519 ERROR MatsimRuntimeModifications:79 ERROR --- results should not be used for further analysis.
2018-06-01 06:11:30,519 ERROR MatsimRuntimeModifications:83 ERROR --- This was an unexpected shutdown! See the log file for a possible reason.
