Jun 04, 2018 11:40:12 PM java.util.logging.LogManager$RootLogger log
SEVERE: Unable to load 'searchcode.properties' file. Will resort to defaults for all values.
Jun 04, 2018 11:40:13 PM java.util.logging.LogManager$RootLogger log
SEVERE:  caught a class java.sql.SQLException
 with message: [SQLITE_ERROR] SQL error or missing database (no such table: repo)
Jun 04, 2018 11:40:27 PM java.util.logging.LogManager$RootLogger log
SEVERE:  caught a class java.sql.SQLException
 with message: [SQLITE_ERROR] SQL error or missing database (no such table: repo)
Jun 04, 2018 11:40:27 PM java.util.logging.LogManager$RootLogger log
SEVERE:  caught a class java.sql.SQLException
 with message: [SQLITE_ERROR] SQL error or missing database (no such table: repo)
Jun 04, 2018 11:40:27 PM java.util.logging.LogManager$RootLogger log
SEVERE:  caught a class java.sql.SQLException
 with message: [SQLITE_ERROR] SQL error or missing database (no such table: repo)
Jun 04, 2018 11:40:29 PM java.util.logging.LogManager$RootLogger log
SEVERE:  caught a class java.sql.SQLException
 with message: [SQLITE_ERROR] SQL error or missing database (no such table: repo)
Jun 04, 2018 11:40:30 PM java.util.logging.LogManager$RootLogger log
SEVERE:  caught a class java.sql.SQLException
 with message: [SQLITE_ERROR] SQL error or missing database (no such table: repo)
Jun 04, 2018 11:40:34 PM java.util.logging.LogManager$RootLogger log
SEVERE:  caught a class com.mysql.jdbc.exceptions.jdbc4.CommunicationsException
 with message: Communications link failure

The last packet sent successfully to the server was 0 milliseconds ago. The driver has not received any packets from the server.
Jun 04, 2018 11:40:34 PM java.util.logging.LogManager$RootLogger log
SEVERE:  caught a class com.mysql.jdbc.exceptions.jdbc4.CommunicationsException
 with message: Communications link failure

The last packet sent successfully to the server was 0 milliseconds ago. The driver has not received any packets from the server.
Jun 04, 2018 11:40:34 PM java.util.logging.LogManager$RootLogger log
SEVERE:  caught a class com.mysql.jdbc.exceptions.jdbc4.CommunicationsException
 with message: Communications link failure

The last packet sent successfully to the server was 0 milliseconds ago. The driver has not received any packets from the server.
Jun 04, 2018 11:40:34 PM java.util.logging.LogManager$RootLogger log
SEVERE:  caught a class com.mysql.jdbc.exceptions.jdbc4.CommunicationsException
 with message: Communications link failure

The last packet sent successfully to the server was 0 milliseconds ago. The driver has not received any packets from the server.
Jun 04, 2018 11:40:34 PM java.util.logging.LogManager$RootLogger log
SEVERE:  caught a class com.mysql.jdbc.exceptions.jdbc4.CommunicationsException
 with message: Communications link failure

The last packet sent successfully to the server was 0 milliseconds ago. The driver has not received any packets from the server.
Jun 04, 2018 11:40:34 PM java.util.logging.LogManager$RootLogger log
SEVERE:  caught a class com.mysql.jdbc.exceptions.jdbc4.CommunicationsException
 with message: Communications link failure

The last packet sent successfully to the server was 0 milliseconds ago. The driver has not received any packets from the server.
Jun 04, 2018 11:40:34 PM java.util.logging.LogManager$RootLogger log
SEVERE:  caught a class com.mysql.jdbc.exceptions.jdbc4.CommunicationsException
 with message: Communications link failure

The last packet sent successfully to the server was 0 milliseconds ago. The driver has not received any packets from the server.
Jun 04, 2018 11:40:34 PM java.util.logging.LogManager$RootLogger log
SEVERE:  caught a class com.mysql.jdbc.exceptions.jdbc4.CommunicationsException
 with message: Communications link failure

The last packet sent successfully to the server was 0 milliseconds ago. The driver has not received any packets from the server.
Jun 04, 2018 11:40:34 PM java.util.logging.LogManager$RootLogger log
SEVERE:  caught a class com.mysql.jdbc.exceptions.jdbc4.CommunicationsException
 with message: Communications link failure

The last packet sent successfully to the server was 0 milliseconds ago. The driver has not received any packets from the server.
Jun 04, 2018 11:40:34 PM java.util.logging.LogManager$RootLogger log
SEVERE:  caught a class com.mysql.jdbc.exceptions.jdbc4.CommunicationsException
 with message: Communications link failure

The last packet sent successfully to the server was 0 milliseconds ago. The driver has not received any packets from the server.
Jun 04, 2018 11:40:34 PM java.util.logging.LogManager$RootLogger log
SEVERE:  caught a class com.mysql.jdbc.exceptions.jdbc4.CommunicationsException
 with message: Communications link failure

The last packet sent successfully to the server was 0 milliseconds ago. The driver has not received any packets from the server.
Jun 04, 2018 11:40:34 PM java.util.logging.LogManager$RootLogger log
SEVERE:  caught a class com.mysql.jdbc.exceptions.jdbc4.CommunicationsException
 with message: Communications link failure

The last packet sent successfully to the server was 0 milliseconds ago. The driver has not received any packets from the server.
Jun 04, 2018 11:40:34 PM java.util.logging.LogManager$RootLogger log
SEVERE:  caught a class com.mysql.jdbc.exceptions.jdbc4.CommunicationsException
 with message: Communications link failure

The last packet sent successfully to the server was 0 milliseconds ago. The driver has not received any packets from the server.
Jun 04, 2018 11:40:34 PM java.util.logging.LogManager$RootLogger log
SEVERE:  caught a class com.mysql.jdbc.exceptions.jdbc4.CommunicationsException
 with message: Communications link failure

The last packet sent successfully to the server was 0 milliseconds ago. The driver has not received any packets from the server.
Jun 04, 2018 11:40:34 PM java.util.logging.LogManager$RootLogger log
SEVERE:  caught a class com.mysql.jdbc.exceptions.jdbc4.CommunicationsException
 with message: Communications link failure

The last packet sent successfully to the server was 0 milliseconds ago. The driver has not received any packets from the server.
Jun 04, 2018 11:40:34 PM java.util.logging.LogManager$RootLogger log
SEVERE:  caught a class com.mysql.jdbc.exceptions.jdbc4.CommunicationsException
 with message: Communications link failure

The last packet sent successfully to the server was 0 milliseconds ago. The driver has not received any packets from the server.
Jun 04, 2018 11:40:34 PM java.util.logging.LogManager$RootLogger log
SEVERE:  caught a class com.mysql.jdbc.exceptions.jdbc4.CommunicationsException
 with message: Communications link failure

The last packet sent successfully to the server was 0 milliseconds ago. The driver has not received any packets from the server.
Jun 04, 2018 11:40:34 PM java.util.logging.LogManager$RootLogger log
SEVERE:  caught a class com.mysql.jdbc.exceptions.jdbc4.CommunicationsException
 with message: Communications link failure

The last packet sent successfully to the server was 0 milliseconds ago. The driver has not received any packets from the server.
Jun 04, 2018 11:40:34 PM java.util.logging.LogManager$RootLogger log
SEVERE:  caught a class com.mysql.jdbc.exceptions.jdbc4.CommunicationsException
 with message: Communications link failure

The last packet sent successfully to the server was 0 milliseconds ago. The driver has not received any packets from the server.
Jun 04, 2018 11:40:34 PM java.util.logging.LogManager$RootLogger log
SEVERE:  caught a class com.mysql.jdbc.exceptions.jdbc4.CommunicationsException
 with message: Communications link failure

The last packet sent successfully to the server was 0 milliseconds ago. The driver has not received any packets from the server.
Jun 04, 2018 11:40:34 PM java.util.logging.LogManager$RootLogger log
SEVERE:  caught a class com.mysql.jdbc.exceptions.jdbc4.CommunicationsException
 with message: Communications link failure

The last packet sent successfully to the server was 0 milliseconds ago. The driver has not received any packets from the server.
Jun 04, 2018 11:40:34 PM java.util.logging.LogManager$RootLogger log
SEVERE:  caught a class com.mysql.jdbc.exceptions.jdbc4.CommunicationsException
 with message: Communications link failure

The last packet sent successfully to the server was 0 milliseconds ago. The driver has not received any packets from the server.
Jun 04, 2018 11:40:34 PM java.util.logging.LogManager$RootLogger log
SEVERE:  caught a class com.mysql.jdbc.exceptions.jdbc4.CommunicationsException
 with message: Communications link failure

The last packet sent successfully to the server was 0 milliseconds ago. The driver has not received any packets from the server.
Jun 04, 2018 11:40:34 PM java.util.logging.LogManager$RootLogger log
SEVERE:  caught a class com.mysql.jdbc.exceptions.jdbc4.CommunicationsException
 with message: Communications link failure

The last packet sent successfully to the server was 0 milliseconds ago. The driver has not received any packets from the server.
Jun 04, 2018 11:40:34 PM java.util.logging.LogManager$RootLogger log
SEVERE:  caught a class com.mysql.jdbc.exceptions.jdbc4.CommunicationsException
 with message: Communications link failure

The last packet sent successfully to the server was 0 milliseconds ago. The driver has not received any packets from the server.
Jun 04, 2018 11:40:34 PM java.util.logging.LogManager$RootLogger log
SEVERE:  caught a class com.mysql.jdbc.exceptions.jdbc4.CommunicationsException
 with message: Communications link failure

The last packet sent successfully to the server was 0 milliseconds ago. The driver has not received any packets from the server.
Jun 04, 2018 11:40:34 PM java.util.logging.LogManager$RootLogger log
SEVERE:  caught a class com.mysql.jdbc.exceptions.jdbc4.CommunicationsException
 with message: Communications link failure

The last packet sent successfully to the server was 0 milliseconds ago. The driver has not received any packets from the server.
Jun 04, 2018 11:40:34 PM java.util.logging.LogManager$RootLogger log
SEVERE:  caught a class com.mysql.jdbc.exceptions.jdbc4.CommunicationsException
 with message: Communications link failure

The last packet sent successfully to the server was 0 milliseconds ago. The driver has not received any packets from the server.
Jun 04, 2018 11:40:34 PM java.util.logging.LogManager$RootLogger log
SEVERE:  caught a class com.mysql.jdbc.exceptions.jdbc4.CommunicationsException
 with message: Communications link failure

The last packet sent successfully to the server was 0 milliseconds ago. The driver has not received any packets from the server.
Jun 04, 2018 11:40:34 PM java.util.logging.LogManager$RootLogger log
SEVERE:  caught a class com.mysql.jdbc.exceptions.jdbc4.CommunicationsException
 with message: Communications link failure

The last packet sent successfully to the server was 0 milliseconds ago. The driver has not received any packets from the server.
Jun 04, 2018 11:40:34 PM java.util.logging.LogManager$RootLogger log
SEVERE:  caught a class com.mysql.jdbc.exceptions.jdbc4.CommunicationsException
 with message: Communications link failure

The last packet sent successfully to the server was 0 milliseconds ago. The driver has not received any packets from the server.
Jun 04, 2018 11:40:34 PM java.util.logging.LogManager$RootLogger log
SEVERE:  caught a class com.mysql.jdbc.exceptions.jdbc4.CommunicationsException
 with message: Communications link failure

The last packet sent successfully to the server was 0 milliseconds ago. The driver has not received any packets from the server.
Jun 04, 2018 11:40:34 PM java.util.logging.LogManager$RootLogger log
SEVERE:  caught a class com.mysql.jdbc.exceptions.jdbc4.CommunicationsException
 with message: Communications link failure

The last packet sent successfully to the server was 0 milliseconds ago. The driver has not received any packets from the server.
Jun 04, 2018 11:40:34 PM java.util.logging.LogManager$RootLogger log
SEVERE:  caught a class com.mysql.jdbc.exceptions.jdbc4.CommunicationsException
 with message: Communications link failure

The last packet sent successfully to the server was 0 milliseconds ago. The driver has not received any packets from the server.
Jun 04, 2018 11:40:34 PM java.util.logging.LogManager$RootLogger log
SEVERE:  caught a class com.mysql.jdbc.exceptions.jdbc4.CommunicationsException
 with message: Communications link failure

The last packet sent successfully to the server was 0 milliseconds ago. The driver has not received any packets from the server.
Jun 04, 2018 11:40:34 PM java.util.logging.LogManager$RootLogger log
SEVERE:  caught a class com.mysql.jdbc.exceptions.jdbc4.CommunicationsException
 with message: Communications link failure

The last packet sent successfully to the server was 0 milliseconds ago. The driver has not received any packets from the server.
Jun 04, 2018 11:40:34 PM java.util.logging.LogManager$RootLogger log
SEVERE:  caught a class com.mysql.jdbc.exceptions.jdbc4.CommunicationsException
 with message: Communications link failure

The last packet sent successfully to the server was 0 milliseconds ago. The driver has not received any packets from the server.
Jun 04, 2018 11:40:34 PM java.util.logging.LogManager$RootLogger log
SEVERE:  caught a class com.mysql.jdbc.exceptions.jdbc4.CommunicationsException
 with message: Communications link failure

The last packet sent successfully to the server was 0 milliseconds ago. The driver has not received any packets from the server.
Jun 04, 2018 11:40:34 PM java.util.logging.LogManager$RootLogger log
SEVERE:  caught a class com.mysql.jdbc.exceptions.jdbc4.CommunicationsException
 with message: Communications link failure

The last packet sent successfully to the server was 0 milliseconds ago. The driver has not received any packets from the server.
Jun 04, 2018 11:40:34 PM java.util.logging.LogManager$RootLogger log
SEVERE:  caught a class com.mysql.jdbc.exceptions.jdbc4.CommunicationsException
 with message: Communications link failure

The last packet sent successfully to the server was 0 milliseconds ago. The driver has not received any packets from the server.
Jun 04, 2018 11:40:34 PM java.util.logging.LogManager$RootLogger log
SEVERE:  caught a class com.mysql.jdbc.exceptions.jdbc4.CommunicationsException
 with message: Communications link failure

The last packet sent successfully to the server was 0 milliseconds ago. The driver has not received any packets from the server.
Jun 04, 2018 11:40:34 PM java.util.logging.LogManager$RootLogger log
SEVERE:  caught a class com.mysql.jdbc.exceptions.jdbc4.CommunicationsException
 with message: Communications link failure

The last packet sent successfully to the server was 0 milliseconds ago. The driver has not received any packets from the server.
Jun 04, 2018 11:40:34 PM java.util.logging.LogManager$RootLogger log
SEVERE:  caught a class com.mysql.jdbc.exceptions.jdbc4.CommunicationsException
 with message: Communications link failure

The last packet sent successfully to the server was 0 milliseconds ago. The driver has not received any packets from the server.
Jun 04, 2018 11:40:34 PM java.util.logging.LogManager$RootLogger log
SEVERE:  caught a class com.mysql.jdbc.exceptions.jdbc4.CommunicationsException
 with message: Communications link failure

The last packet sent successfully to the server was 0 milliseconds ago. The driver has not received any packets from the server.
Jun 04, 2018 11:40:34 PM java.util.logging.LogManager$RootLogger log
SEVERE:  caught a class com.mysql.jdbc.exceptions.jdbc4.CommunicationsException
 with message: Communications link failure

The last packet sent successfully to the server was 0 milliseconds ago. The driver has not received any packets from the server.
Jun 04, 2018 11:40:34 PM java.util.logging.LogManager$RootLogger log
SEVERE:  caught a class com.mysql.jdbc.exceptions.jdbc4.CommunicationsException
 with message: Communications link failure

The last packet sent successfully to the server was 0 milliseconds ago. The driver has not received any packets from the server.
Jun 04, 2018 11:40:34 PM java.util.logging.LogManager$RootLogger log
SEVERE:  caught a class com.mysql.jdbc.exceptions.jdbc4.CommunicationsException
 with message: Communications link failure

The last packet sent successfully to the server was 0 milliseconds ago. The driver has not received any packets from the server.
Jun 04, 2018 11:40:34 PM java.util.logging.LogManager$RootLogger log
SEVERE:  caught a class com.mysql.jdbc.exceptions.jdbc4.CommunicationsException
 with message: Communications link failure

The last packet sent successfully to the server was 0 milliseconds ago. The driver has not received any packets from the server.
Jun 04, 2018 11:40:34 PM java.util.logging.LogManager$RootLogger log
SEVERE:  caught a class com.mysql.jdbc.exceptions.jdbc4.CommunicationsException
 with message: Communications link failure

The last packet sent successfully to the server was 0 milliseconds ago. The driver has not received any packets from the server.
Jun 04, 2018 11:40:34 PM java.util.logging.LogManager$RootLogger log
SEVERE:  caught a class com.mysql.jdbc.exceptions.jdbc4.CommunicationsException
 with message: Communications link failure

The last packet sent successfully to the server was 0 milliseconds ago. The driver has not received any packets from the server.
Jun 04, 2018 11:40:34 PM java.util.logging.LogManager$RootLogger log
SEVERE:  caught a class com.mysql.jdbc.exceptions.jdbc4.CommunicationsException
 with message: Communications link failure

The last packet sent successfully to the server was 0 milliseconds ago. The driver has not received any packets from the server.
Jun 04, 2018 11:40:34 PM java.util.logging.LogManager$RootLogger log
SEVERE:  caught a class com.mysql.jdbc.exceptions.jdbc4.CommunicationsException
 with message: Communications link failure

The last packet sent successfully to the server was 0 milliseconds ago. The driver has not received any packets from the server.
Jun 04, 2018 11:40:34 PM java.util.logging.LogManager$RootLogger log
SEVERE:  caught a class com.mysql.jdbc.exceptions.jdbc4.CommunicationsException
 with message: Communications link failure

The last packet sent successfully to the server was 0 milliseconds ago. The driver has not received any packets from the server.
Jun 04, 2018 11:40:34 PM java.util.logging.LogManager$RootLogger log
SEVERE:  caught a class com.mysql.jdbc.exceptions.jdbc4.CommunicationsException
 with message: Communications link failure

The last packet sent successfully to the server was 0 milliseconds ago. The driver has not received any packets from the server.
Jun 04, 2018 11:40:34 PM java.util.logging.LogManager$RootLogger log
SEVERE:  caught a class com.mysql.jdbc.exceptions.jdbc4.CommunicationsException
 with message: Communications link failure

The last packet sent successfully to the server was 0 milliseconds ago. The driver has not received any packets from the server.
Jun 04, 2018 11:40:34 PM java.util.logging.LogManager$RootLogger log
SEVERE:  caught a class com.mysql.jdbc.exceptions.jdbc4.CommunicationsException
 with message: Communications link failure

The last packet sent successfully to the server was 0 milliseconds ago. The driver has not received any packets from the server.
Jun 04, 2018 11:40:34 PM java.util.logging.LogManager$RootLogger log
SEVERE:  caught a class com.mysql.jdbc.exceptions.jdbc4.CommunicationsException
 with message: Communications link failure

The last packet sent successfully to the server was 0 milliseconds ago. The driver has not received any packets from the server.
Jun 04, 2018 11:40:34 PM java.util.logging.LogManager$RootLogger log
SEVERE:  caught a class com.mysql.jdbc.exceptions.jdbc4.CommunicationsException
 with message: Communications link failure

The last packet sent successfully to the server was 0 milliseconds ago. The driver has not received any packets from the server.
Jun 04, 2018 11:40:34 PM java.util.logging.LogManager$RootLogger log
SEVERE:  caught a class com.mysql.jdbc.exceptions.jdbc4.CommunicationsException
 with message: Communications link failure

The last packet sent successfully to the server was 0 milliseconds ago. The driver has not received any packets from the server.
Jun 04, 2018 11:40:34 PM java.util.logging.LogManager$RootLogger log
SEVERE:  caught a class com.mysql.jdbc.exceptions.jdbc4.CommunicationsException
 with message: Communications link failure

The last packet sent successfully to the server was 0 milliseconds ago. The driver has not received any packets from the server.
Jun 04, 2018 11:40:34 PM java.util.logging.LogManager$RootLogger log
SEVERE:  caught a class com.mysql.jdbc.exceptions.jdbc4.CommunicationsException
 with message: Communications link failure

The last packet sent successfully to the server was 0 milliseconds ago. The driver has not received any packets from the server.
Jun 04, 2018 11:40:34 PM java.util.logging.LogManager$RootLogger log
SEVERE:  caught a class com.mysql.jdbc.exceptions.jdbc4.CommunicationsException
 with message: Communications link failure

The last packet sent successfully to the server was 0 milliseconds ago. The driver has not received any packets from the server.
Jun 04, 2018 11:40:34 PM java.util.logging.LogManager$RootLogger log
SEVERE:  caught a class com.mysql.jdbc.exceptions.jdbc4.CommunicationsException
 with message: Communications link failure

The last packet sent successfully to the server was 0 milliseconds ago. The driver has not received any packets from the server.
Jun 04, 2018 11:40:34 PM java.util.logging.LogManager$RootLogger log
SEVERE:  caught a class com.mysql.jdbc.exceptions.jdbc4.CommunicationsException
 with message: Communications link failure

The last packet sent successfully to the server was 0 milliseconds ago. The driver has not received any packets from the server.
Jun 04, 2018 11:40:34 PM java.util.logging.LogManager$RootLogger log
SEVERE:  caught a class com.mysql.jdbc.exceptions.jdbc4.CommunicationsException
 with message: Communications link failure

The last packet sent successfully to the server was 0 milliseconds ago. The driver has not received any packets from the server.
Jun 04, 2018 11:40:34 PM java.util.logging.LogManager$RootLogger log
SEVERE:  caught a class com.mysql.jdbc.exceptions.jdbc4.CommunicationsException
 with message: Communications link failure

The last packet sent successfully to the server was 0 milliseconds ago. The driver has not received any packets from the server.
Jun 04, 2018 11:40:34 PM java.util.logging.LogManager$RootLogger log
SEVERE:  caught a class com.mysql.jdbc.exceptions.jdbc4.CommunicationsException
 with message: Communications link failure

The last packet sent successfully to the server was 0 milliseconds ago. The driver has not received any packets from the server.
Jun 04, 2018 11:40:34 PM java.util.logging.LogManager$RootLogger log
SEVERE:  caught a class com.mysql.jdbc.exceptions.jdbc4.CommunicationsException
 with message: Communications link failure

The last packet sent successfully to the server was 0 milliseconds ago. The driver has not received any packets from the server.
Jun 04, 2018 11:40:34 PM java.util.logging.LogManager$RootLogger log
SEVERE:  caught a class com.mysql.jdbc.exceptions.jdbc4.CommunicationsException
 with message: Communications link failure

The last packet sent successfully to the server was 0 milliseconds ago. The driver has not received any packets from the server.
Jun 04, 2018 11:40:34 PM java.util.logging.LogManager$RootLogger log
SEVERE:  caught a class com.mysql.jdbc.exceptions.jdbc4.CommunicationsException
 with message: Communications link failure

The last packet sent successfully to the server was 0 milliseconds ago. The driver has not received any packets from the server.
Jun 04, 2018 11:40:34 PM java.util.logging.LogManager$RootLogger log
SEVERE:  caught a class com.mysql.jdbc.exceptions.jdbc4.CommunicationsException
 with message: Communications link failure

The last packet sent successfully to the server was 0 milliseconds ago. The driver has not received any packets from the server.
Jun 04, 2018 11:40:34 PM java.util.logging.LogManager$RootLogger log
SEVERE:  caught a class com.mysql.jdbc.exceptions.jdbc4.CommunicationsException
 with message: Communications link failure

The last packet sent successfully to the server was 0 milliseconds ago. The driver has not received any packets from the server.
Jun 04, 2018 11:40:34 PM java.util.logging.LogManager$RootLogger log
SEVERE:  caught a class com.mysql.jdbc.exceptions.jdbc4.CommunicationsException
 with message: Communications link failure

The last packet sent successfully to the server was 0 milliseconds ago. The driver has not received any packets from the server.
Jun 04, 2018 11:40:34 PM java.util.logging.LogManager$RootLogger log
SEVERE:  caught a class com.mysql.jdbc.exceptions.jdbc4.CommunicationsException
 with message: Communications link failure

The last packet sent successfully to the server was 0 milliseconds ago. The driver has not received any packets from the server.
Jun 04, 2018 11:40:34 PM java.util.logging.LogManager$RootLogger log
SEVERE:  caught a class com.mysql.jdbc.exceptions.jdbc4.CommunicationsException
 with message: Communications link failure

The last packet sent successfully to the server was 0 milliseconds ago. The driver has not received any packets from the server.
Jun 04, 2018 11:40:34 PM java.util.logging.LogManager$RootLogger log
SEVERE:  caught a class com.mysql.jdbc.exceptions.jdbc4.CommunicationsException
 with message: Communications link failure

The last packet sent successfully to the server was 0 milliseconds ago. The driver has not received any packets from the server.
Jun 04, 2018 11:40:34 PM java.util.logging.LogManager$RootLogger log
SEVERE:  caught a class com.mysql.jdbc.exceptions.jdbc4.CommunicationsException
 with message: Communications link failure

The last packet sent successfully to the server was 0 milliseconds ago. The driver has not received any packets from the server.
Jun 04, 2018 11:40:34 PM java.util.logging.LogManager$RootLogger log
SEVERE:  caught a class com.mysql.jdbc.exceptions.jdbc4.CommunicationsException
 with message: Communications link failure

The last packet sent successfully to the server was 0 milliseconds ago. The driver has not received any packets from the server.
Jun 04, 2018 11:40:34 PM java.util.logging.LogManager$RootLogger log
SEVERE:  caught a class com.mysql.jdbc.exceptions.jdbc4.CommunicationsException
 with message: Communications link failure

The last packet sent successfully to the server was 0 milliseconds ago. The driver has not received any packets from the server.
Jun 04, 2018 11:40:34 PM java.util.logging.LogManager$RootLogger log
SEVERE:  caught a class com.mysql.jdbc.exceptions.jdbc4.CommunicationsException
 with message: Communications link failure

The last packet sent successfully to the server was 0 milliseconds ago. The driver has not received any packets from the server.
Jun 04, 2018 11:40:34 PM java.util.logging.LogManager$RootLogger log
SEVERE:  caught a class com.mysql.jdbc.exceptions.jdbc4.CommunicationsException
 with message: Communications link failure

The last packet sent successfully to the server was 0 milliseconds ago. The driver has not received any packets from the server.
Jun 04, 2018 11:40:34 PM java.util.logging.LogManager$RootLogger log
SEVERE:  caught a class com.mysql.jdbc.exceptions.jdbc4.CommunicationsException
 with message: Communications link failure

The last packet sent successfully to the server was 0 milliseconds ago. The driver has not received any packets from the server.
Jun 04, 2018 11:40:34 PM java.util.logging.LogManager$RootLogger log
SEVERE:  caught a class com.mysql.jdbc.exceptions.jdbc4.CommunicationsException
 with message: Communications link failure

The last packet sent successfully to the server was 0 milliseconds ago. The driver has not received any packets from the server.
Jun 04, 2018 11:40:34 PM java.util.logging.LogManager$RootLogger log
SEVERE:  caught a class com.mysql.jdbc.exceptions.jdbc4.CommunicationsException
 with message: Communications link failure

The last packet sent successfully to the server was 0 milliseconds ago. The driver has not received any packets from the server.
Jun 04, 2018 11:40:34 PM java.util.logging.LogManager$RootLogger log
SEVERE:  caught a class com.mysql.jdbc.exceptions.jdbc4.CommunicationsException
 with message: Communications link failure

The last packet sent successfully to the server was 0 milliseconds ago. The driver has not received any packets from the server.
Jun 04, 2018 11:40:34 PM java.util.logging.LogManager$RootLogger log
SEVERE:  caught a class com.mysql.jdbc.exceptions.jdbc4.CommunicationsException
 with message: Communications link failure

The last packet sent successfully to the server was 0 milliseconds ago. The driver has not received any packets from the server.
Jun 04, 2018 11:40:34 PM java.util.logging.LogManager$RootLogger log
SEVERE:  caught a class com.mysql.jdbc.exceptions.jdbc4.CommunicationsException
 with message: Communications link failure

The last packet sent successfully to the server was 0 milliseconds ago. The driver has not received any packets from the server.
Jun 04, 2018 11:40:34 PM java.util.logging.LogManager$RootLogger log
SEVERE:  caught a class com.mysql.jdbc.exceptions.jdbc4.CommunicationsException
 with message: Communications link failure

The last packet sent successfully to the server was 0 milliseconds ago. The driver has not received any packets from the server.
Jun 04, 2018 11:40:34 PM java.util.logging.LogManager$RootLogger log
SEVERE:  caught a class com.mysql.jdbc.exceptions.jdbc4.CommunicationsException
 with message: Communications link failure

The last packet sent successfully to the server was 0 milliseconds ago. The driver has not received any packets from the server.
Jun 04, 2018 11:40:34 PM java.util.logging.LogManager$RootLogger log
SEVERE:  caught a class com.mysql.jdbc.exceptions.jdbc4.CommunicationsException
 with message: Communications link failure

The last packet sent successfully to the server was 0 milliseconds ago. The driver has not received any packets from the server.
Jun 04, 2018 11:40:34 PM java.util.logging.LogManager$RootLogger log
SEVERE:  caught a class com.mysql.jdbc.exceptions.jdbc4.CommunicationsException
 with message: Communications link failure

The last packet sent successfully to the server was 0 milliseconds ago. The driver has not received any packets from the server.
Jun 04, 2018 11:40:34 PM java.util.logging.LogManager$RootLogger log
SEVERE:  caught a class com.mysql.jdbc.exceptions.jdbc4.CommunicationsException
 with message: Communications link failure

The last packet sent successfully to the server was 0 milliseconds ago. The driver has not received any packets from the server.
Jun 04, 2018 11:40:34 PM java.util.logging.LogManager$RootLogger log
SEVERE:  caught a class com.mysql.jdbc.exceptions.jdbc4.CommunicationsException
 with message: Communications link failure

The last packet sent successfully to the server was 0 milliseconds ago. The driver has not received any packets from the server.
Jun 04, 2018 11:40:34 PM java.util.logging.LogManager$RootLogger log
SEVERE:  caught a class com.mysql.jdbc.exceptions.jdbc4.CommunicationsException
 with message: Communications link failure

The last packet sent successfully to the server was 0 milliseconds ago. The driver has not received any packets from the server.
Jun 04, 2018 11:40:34 PM java.util.logging.LogManager$RootLogger log
SEVERE:  caught a class com.mysql.jdbc.exceptions.jdbc4.CommunicationsException
 with message: Communications link failure

The last packet sent successfully to the server was 0 milliseconds ago. The driver has not received any packets from the server.
Jun 04, 2018 11:40:34 PM java.util.logging.LogManager$RootLogger log
SEVERE:  caught a class com.mysql.jdbc.exceptions.jdbc4.CommunicationsException
 with message: Communications link failure

The last packet sent successfully to the server was 0 milliseconds ago. The driver has not received any packets from the server.
Jun 04, 2018 11:40:34 PM java.util.logging.LogManager$RootLogger log
SEVERE:  caught a class com.mysql.jdbc.exceptions.jdbc4.CommunicationsException
 with message: Communications link failure

The last packet sent successfully to the server was 0 milliseconds ago. The driver has not received any packets from the server.
Jun 04, 2018 11:40:34 PM java.util.logging.LogManager$RootLogger log
SEVERE:  caught a class com.mysql.jdbc.exceptions.jdbc4.CommunicationsException
 with message: Communications link failure

The last packet sent successfully to the server was 0 milliseconds ago. The driver has not received any packets from the server.
Jun 04, 2018 11:40:34 PM java.util.logging.LogManager$RootLogger log
SEVERE:  caught a class com.mysql.jdbc.exceptions.jdbc4.CommunicationsException
 with message: Communications link failure

The last packet sent successfully to the server was 0 milliseconds ago. The driver has not received any packets from the server.
Jun 04, 2018 11:40:34 PM java.util.logging.LogManager$RootLogger log
SEVERE:  caught a class com.mysql.jdbc.exceptions.jdbc4.CommunicationsException
 with message: Communications link failure

The last packet sent successfully to the server was 0 milliseconds ago. The driver has not received any packets from the server.
Jun 04, 2018 11:40:34 PM java.util.logging.LogManager$RootLogger log
SEVERE: ignore this severe message
Jun 04, 2018 11:40:34 PM java.util.logging.LogManager$RootLogger log
SEVERE:  caught a class java.sql.SQLException
 with message: [SQLITE_ERROR] SQL error or missing database (no such table: repo)
Jun 04, 2018 11:40:34 PM java.util.logging.LogManager$RootLogger log
SEVERE:  caught a class java.sql.SQLException
 with message: [SQLITE_ERROR] SQL error or missing database (no such table: repo)
Jun 04, 2018 11:40:34 PM java.util.logging.LogManager$RootLogger log
SEVERE:  caught a class java.sql.SQLException
 with message: [SQLITE_ERROR] SQL error or missing database (no such table: repo)
Jun 04, 2018 11:40:34 PM java.util.logging.LogManager$RootLogger log
SEVERE:  caught a class java.sql.SQLException
 with message: [SQLITE_ERROR] SQL error or missing database (no such table: repo)
Jun 04, 2018 11:40:34 PM java.util.logging.LogManager$RootLogger log
SEVERE:  caught a class java.sql.SQLException
 with message: [SQLITE_ERROR] SQL error or missing database (no such table: repo)
Jun 04, 2018 11:40:34 PM java.util.logging.LogManager$RootLogger log
SEVERE:  caught a class java.sql.SQLException
 with message: [SQLITE_ERROR] SQL error or missing database (no such table: repo)
Jun 04, 2018 11:40:35 PM java.util.logging.LogManager$RootLogger log
SEVERE:  caught a class java.sql.SQLException
 with message: [SQLITE_ERROR] SQL error or missing database (no such table: repo)
Jun 04, 2018 11:40:35 PM java.util.logging.LogManager$RootLogger log
SEVERE:  caught a class java.sql.SQLException
 with message: [SQLITE_ERROR] SQL error or missing database (no such table: repo)
Jun 04, 2018 11:40:35 PM java.util.logging.LogManager$RootLogger log
SEVERE:  caught a class java.sql.SQLException
 with message: [SQLITE_ERROR] SQL error or missing database (no such table: repo)
Jun 04, 2018 11:40:35 PM java.util.logging.LogManager$RootLogger log
SEVERE:  caught a class java.sql.SQLException
 with message: [SQLITE_ERROR] SQL error or missing database (no such table: repo)
Jun 04, 2018 11:40:35 PM java.util.logging.LogManager$RootLogger log
SEVERE:  caught a class java.sql.SQLException
 with message: [SQLITE_ERROR] SQL error or missing database (no such table: repo)
Jun 04, 2018 11:40:35 PM java.util.logging.LogManager$RootLogger log
SEVERE:  caught a class com.mysql.jdbc.exceptions.jdbc4.CommunicationsException
 with message: Communications link failure

The last packet sent successfully to the server was 0 milliseconds ago. The driver has not received any packets from the server.
Jun 04, 2018 11:40:35 PM java.util.logging.LogManager$RootLogger log
SEVERE:  caught a class com.mysql.jdbc.exceptions.jdbc4.CommunicationsException
 with message: Communications link failure

The last packet sent successfully to the server was 0 milliseconds ago. The driver has not received any packets from the server.
Jun 04, 2018 11:40:39 PM java.util.logging.LogManager$RootLogger log
SEVERE: ignore this severe message one
Jun 04, 2018 11:40:39 PM java.util.logging.LogManager$RootLogger log
SEVERE: ignore this severe message two
Jun 04, 2018 11:40:40 PM java.util.logging.LogManager$RootLogger log
SEVERE: ignore this severe message
Jun 04, 2018 11:40:40 PM java.util.logging.LogManager$RootLogger log
SEVERE: ignore this severe message
