2018-06-01 22:09:49.204 [main] ERROR LoggingApplicationListener Cannot set level:  for 'org.springframework'
2018-06-01 22:09:49.368 [main] INFO  RESTUserAPITest Starting RESTUserAPITest on cyclone1 with PID 266 (started by root in /root/workspace/reflexdemon/shop/386840570)
2018-06-01 22:09:49.371 [main] DEBUG RESTUserAPITest Running with Spring Boot v2.0.0.M7, Spring v5.0.2.RELEASE
2018-06-01 22:09:49.381 [main] INFO  RESTUserAPITest No active profile set, falling back to default profiles: default
2018-06-01 22:10:19.536 [main] INFO  RESTUserAPITest Started RESTUserAPITest in 30.662 seconds (JVM running for 32.249)
2018-06-01 22:10:50.934 [main] INFO  CartService Crating new empty cart
2018-06-01 22:11:32.231 [main] INFO  ExceptionAdvice Error Message:Message{code='500', message='Failed to convert value of type 'java.lang.String' to required type 'org.shop.model.OrderStatus'; nested exception is org.springframework.core.convert.ConversionFailedException: Failed to convert from type [java.lang.String] to type [@org.springframework.web.bind.annotation.PathVariable org.shop.model.OrderStatus] for value 'O'; nested exception is java.lang.IllegalArgumentException: No enum constant org.shop.model.OrderStatus.O'}
2018-06-01 22:11:57.039 [main] INFO  ExceptionAdvice Error Message:Message{code='406', message='Cannot place order with empty cart'}
2018-06-01 22:12:06.123 [main] INFO  SearchImpl Found 7 records!
2018-06-01 22:12:38.089 [main] INFO  SearchImpl Found 7 records!
2018-06-01 22:12:59.909 [main] INFO  SearchImpl Found 7 records!
2018-06-01 22:13:21.538 [main] INFO  SearchImpl Found 7 records!
2018-06-01 22:13:56.515 [DefaultMessageListenerContainer-1] ERROR BrokerService Failed to start Apache ActiveMQ (localhost, null)
java.lang.IllegalStateException: Shutdown in progress
	at java.lang.ApplicationShutdownHooks.add(ApplicationShutdownHooks.java:66)
	at java.lang.Runtime.addShutdownHook(Runtime.java:211)
	at org.apache.activemq.broker.BrokerService.addShutdownHook(BrokerService.java:2544)
	at org.apache.activemq.broker.BrokerService.doStartBroker(BrokerService.java:740)
	at org.apache.activemq.broker.BrokerService.startBroker(BrokerService.java:733)
	at org.apache.activemq.broker.BrokerService.start(BrokerService.java:636)
	at org.apache.activemq.transport.vm.VMTransportFactory.doCompositeConnect(VMTransportFactory.java:127)
	at org.apache.activemq.transport.vm.VMTransportFactory.doConnect(VMTransportFactory.java:56)
	at org.apache.activemq.transport.TransportFactory.connect(TransportFactory.java:65)
	at org.apache.activemq.ActiveMQConnectionFactory.createTransport(ActiveMQConnectionFactory.java:331)
	at org.apache.activemq.ActiveMQConnectionFactory.createActiveMQConnection(ActiveMQConnectionFactory.java:346)
	at org.apache.activemq.ActiveMQConnectionFactory.createActiveMQConnection(ActiveMQConnectionFactory.java:304)
	at org.apache.activemq.ActiveMQConnectionFactory.createConnection(ActiveMQConnectionFactory.java:244)
	at org.springframework.jms.support.JmsAccessor.createConnection(JmsAccessor.java:196)
	at org.springframework.jms.listener.AbstractJmsListeningContainer.createSharedConnection(AbstractJmsListeningContainer.java:419)
	at org.springframework.jms.listener.AbstractJmsListeningContainer.refreshSharedConnection(AbstractJmsListeningContainer.java:404)
	at org.springframework.jms.listener.DefaultMessageListenerContainer.refreshConnectionUntilSuccessful(DefaultMessageListenerContainer.java:929)
	at org.springframework.jms.listener.DefaultMessageListenerContainer.recoverAfterListenerSetupFailure(DefaultMessageListenerContainer.java:903)
	at org.springframework.jms.listener.DefaultMessageListenerContainer$AsyncMessageListenerInvoker.run(DefaultMessageListenerContainer.java:1084)
	at java.lang.Thread.run(Thread.java:745)
2018-06-01 22:13:56.529 [DefaultMessageListenerContainer-1] ERROR DefaultMessageListenerContainer Could not refresh JMS Connection for destination 'appLogger' - retrying using FixedBackOff{interval=5000, currentAttempts=0, maxAttempts=unlimited}. Cause: Could not create Transport. Reason: java.lang.IllegalStateException: Shutdown in progress
