18-09-2018 04:05:15.843 [main] INFO  g.n.o.d.s.FilesystemLongTermStorage.<init> - Creating FilesystemLongTermStorage rooted at /root/workspace/RayPlante/oar-dist-service/429848837/_unittest6912090223313224946
18-09-2018 04:05:15.888 [main] INFO  g.n.o.d.s.FilesystemLongTermStorage.<init> - Creating FilesystemLongTermStorage rooted at /root/workspace/RayPlante/oar-dist-service/429848837/_unittest6912090223313224946
18-09-2018 04:05:15.899 [main] INFO  g.n.o.d.s.FilesystemLongTermStorage.<init> - Creating FilesystemLongTermStorage rooted at /root/workspace/RayPlante/oar-dist-service/429848837/_unittest6912090223313224946
18-09-2018 04:05:15.905 [main] INFO  g.n.o.d.s.PreservationBagService.getBag - Get StreamHandle for bagfile:mds1491.mbag0_2-0.zip
18-09-2018 04:05:15.906 [main] WARN  g.n.o.d.s.FilesystemLongTermStorage.getChecksum - No cached checksum available for mds1491.mbag0_2-0.zip
18-09-2018 04:05:15.919 [main] INFO  g.n.o.d.s.PreservationBagService.getBag - Get StreamHandle for bagfile:mds1491.mbag0_2-0.zip
18-09-2018 04:05:15.920 [main] WARN  g.n.o.d.s.FilesystemLongTermStorage.getChecksum - No cached checksum available for mds1491.mbag0_2-0.zip
18-09-2018 04:05:15.922 [main] INFO  g.n.o.d.s.PreservationBagService.getBag - Get StreamHandle for bagfile:mds1491.1_1_0.mbag0_4-1.zip
18-09-2018 04:05:15.923 [main] WARN  g.n.o.d.s.FilesystemLongTermStorage.getChecksum - No cached checksum available for mds1491.1_1_0.mbag0_4-1.zip
18-09-2018 04:05:15.925 [main] INFO  g.n.o.d.s.PreservationBagService.getBag - Get StreamHandle for bagfile:mds1491.1_1_0.mbag0_4-1.zip
18-09-2018 04:05:15.926 [main] WARN  g.n.o.d.s.FilesystemLongTermStorage.getChecksum - No cached checksum available for mds1491.1_1_0.mbag0_4-1.zip
18-09-2018 04:05:15.929 [main] INFO  g.n.o.d.s.PreservationBagService.getBag - Get StreamHandle for bagfile:mds1491.1_1_0.mbag0_4-1.zip
18-09-2018 04:05:15.929 [main] WARN  g.n.o.d.s.FilesystemLongTermStorage.getChecksum - No cached checksum available for mds1491.1_1_0.mbag0_4-1.zip
18-09-2018 04:05:15.932 [main] INFO  g.n.o.d.s.PreservationBagService.getBag - Get StreamHandle for bagfile:mds1491.1_1_0.mbag0_4-1.zip
18-09-2018 04:05:15.932 [main] WARN  g.n.o.d.s.FilesystemLongTermStorage.getChecksum - No cached checksum available for mds1491.1_1_0.mbag0_4-1.zip
18-09-2018 04:05:15.935 [main] INFO  g.n.o.d.s.FilesystemLongTermStorage.<init> - Creating FilesystemLongTermStorage rooted at /root/workspace/RayPlante/oar-dist-service/429848837/_unittest6912090223313224946
18-09-2018 04:05:15.940 [main] INFO  g.n.o.d.s.FilesystemLongTermStorage.<init> - Creating FilesystemLongTermStorage rooted at /root/workspace/RayPlante/oar-dist-service/429848837/_unittest6912090223313224946
18-09-2018 04:05:15.945 [main] INFO  g.n.o.d.s.PreservationBagService.getBag - Get StreamHandle for bagfile:mds1491.mbag0_2-0.zip
18-09-2018 04:05:15.945 [main] WARN  g.n.o.d.s.FilesystemLongTermStorage.getChecksum - No cached checksum available for mds1491.mbag0_2-0.zip
18-09-2018 04:05:15.948 [main] INFO  g.n.o.d.s.FilesystemLongTermStorage.<init> - Creating FilesystemLongTermStorage rooted at /root/workspace/RayPlante/oar-dist-service/429848837/_unittest6912090223313224946
18-09-2018 04:05:15.953 [main] INFO  g.n.o.d.s.FilesystemLongTermStorage.<init> - Creating FilesystemLongTermStorage rooted at /root/workspace/RayPlante/oar-dist-service/429848837/_unittest6912090223313224946
18-09-2018 04:05:15.958 [main] INFO  g.n.o.d.s.PreservationBagService.getBag - Get StreamHandle for bagfile:mds1491.mbag0_2-0.zip
18-09-2018 04:05:15.959 [main] WARN  g.n.o.d.s.FilesystemLongTermStorage.getChecksum - No cached checksum available for mds1491.mbag0_2-0.zip
18-09-2018 04:05:15.961 [main] INFO  g.n.o.d.s.PreservationBagService.getBag - Get StreamHandle for bagfile:mds1491.1_1_0.mbag0_4-1.zip
18-09-2018 04:05:15.962 [main] WARN  g.n.o.d.s.FilesystemLongTermStorage.getChecksum - No cached checksum available for mds1491.1_1_0.mbag0_4-1.zip
18-09-2018 04:05:15.965 [main] INFO  g.n.o.d.s.FilesystemLongTermStorage.<init> - Creating FilesystemLongTermStorage rooted at /root/workspace/RayPlante/oar-dist-service/429848837/_unittest6912090223313224946
18-09-2018 04:05:15.970 [main] INFO  g.n.o.d.s.FilesystemLongTermStorage.<init> - Creating FilesystemLongTermStorage rooted at /root/workspace/RayPlante/oar-dist-service/429848837/_unittest6912090223313224946
18-09-2018 04:05:15.975 [main] INFO  g.n.o.d.s.PreservationBagService.getBag - Get StreamHandle for bagfile:mds1491.mbag0_2-0.zip
18-09-2018 04:05:15.975 [main] WARN  g.n.o.d.s.FilesystemLongTermStorage.getChecksum - No cached checksum available for mds1491.mbag0_2-0.zip
18-09-2018 04:05:15.976 [main] INFO  g.n.o.d.s.PreservationBagService.getBag - Get StreamHandle for bagfile:mds1491.mbag0_2-0.zip
18-09-2018 04:05:15.977 [main] WARN  g.n.o.d.s.FilesystemLongTermStorage.getChecksum - No cached checksum available for mds1491.mbag0_2-0.zip
18-09-2018 04:05:16.015 [main] INFO  g.n.o.d.s.FilesystemLongTermStorage.<init> - Creating FilesystemLongTermStorage rooted at /root/workspace/RayPlante/oar-dist-service/429848837/_unittest2257300599285745176
18-09-2018 04:05:16.032 [main] INFO  g.n.o.d.s.FilesystemLongTermStorage.<init> - Creating FilesystemLongTermStorage rooted at /root/workspace/RayPlante/oar-dist-service/429848837/_unittest2257300599285745176
18-09-2018 04:05:16.043 [main] INFO  g.n.o.d.s.FilesystemLongTermStorage.<init> - Creating FilesystemLongTermStorage rooted at /root/workspace/RayPlante/oar-dist-service/429848837/_unittest2257300599285745176
18-09-2018 04:05:16.045 [main] INFO  g.n.o.d.s.PreservationBagService.getInfo - Get StreamHandle info for bagfile:mds013u4g.1_0_0.mbag0_4-2.7z
18-09-2018 04:05:16.047 [main] INFO  g.n.o.d.s.PreservationBagService.getInfo - Get StreamHandle info for bagfile:6376FC675D0E1D77E0531A5706812BC21886.mbag0_3-18.zip
18-09-2018 04:05:16.048 [main] INFO  g.n.o.d.s.FilesystemLongTermStorage.<init> - Creating FilesystemLongTermStorage rooted at /root/workspace/RayPlante/oar-dist-service/429848837/_unittest2257300599285745176
18-09-2018 04:05:16.055 [main] INFO  g.n.o.d.s.FilesystemLongTermStorage.<init> - Creating FilesystemLongTermStorage rooted at /root/workspace/RayPlante/oar-dist-service/429848837/_unittest2257300599285745176
18-09-2018 04:05:16.057 [main] INFO  g.n.o.d.s.FilesystemLongTermStorage.<init> - Creating FilesystemLongTermStorage rooted at /root/workspace/RayPlante/oar-dist-service/429848837/_unittest2257300599285745176
18-09-2018 04:05:16.060 [main] INFO  g.n.o.d.s.FilesystemLongTermStorage.<init> - Creating FilesystemLongTermStorage rooted at /root/workspace/RayPlante/oar-dist-service/429848837/_unittest2257300599285745176
18-09-2018 04:05:16.062 [main] INFO  g.n.o.d.s.PreservationBagService.getBag - Get StreamHandle for bagfile:mds013u4g.1_0_0.mbag0_4-2.7z
18-09-2018 04:05:16.062 [main] INFO  g.n.o.d.s.PreservationBagService.getBag - Get StreamHandle for bagfile:6376FC675D0E1D77E0531A5706812BC21886.mbag0_3-18.zip
18-09-2018 04:05:16.063 [main] INFO  g.n.o.d.s.FilesystemLongTermStorage.<init> - Creating FilesystemLongTermStorage rooted at /root/workspace/RayPlante/oar-dist-service/429848837/_unittest2257300599285745176
18-09-2018 04:05:18.235 [main] INFO  g.n.o.d.s.FilesystemLongTermStorage.<init> - Creating FilesystemLongTermStorage rooted at /root/workspace/RayPlante/oar-dist-service/429848837/_unittest8739633973174144413
18-09-2018 04:05:18.248 [main] INFO  g.n.o.d.s.FilesystemLongTermStorage.<init> - Creating FilesystemLongTermStorage rooted at /root/workspace/RayPlante/oar-dist-service/429848837/_unittest2292068689518287623
18-09-2018 04:05:18.259 [main] INFO  g.n.o.d.s.FilesystemLongTermStorage.<init> - Creating FilesystemLongTermStorage rooted at /root/workspace/RayPlante/oar-dist-service/429848837/_unittest4708418409054390152
18-09-2018 04:05:18.268 [main] INFO  g.n.o.d.s.FilesystemLongTermStorage.<init> - Creating FilesystemLongTermStorage rooted at /root/workspace/RayPlante/oar-dist-service/429848837/_unittest6718050735860705960
18-09-2018 04:05:18.277 [main] INFO  g.n.o.d.s.FilesystemLongTermStorage.<init> - Creating FilesystemLongTermStorage rooted at /root/workspace/RayPlante/oar-dist-service/429848837/_unittest6376165058991469980
18-09-2018 04:05:18.286 [main] INFO  g.n.o.d.s.FilesystemLongTermStorage.<init> - Creating FilesystemLongTermStorage rooted at /root/workspace/RayPlante/oar-dist-service/429848837/_unittest1291542802958205398
